{"/Users/smruthibt/Desktop/SE-sec2_g3/proj2/food-delivery/server.js": {"path":"/Users/smruthibt/Desktop/SE-sec2_g3/proj2/food-delivery/server.js","statementMap":{"0":{"start":{"line":17,"column":0},"end":{"line":17,"column":16}},"1":{"start":{"line":22,"column":12},"end":{"line":22,"column":21}},"2":{"start":{"line":23,"column":19},"end":{"line":23,"column":49}},"3":{"start":{"line":24,"column":18},"end":{"line":24,"column":42}},"4":{"start":{"line":26,"column":18},"end":{"line":26,"column":49}},"5":{"start":{"line":27,"column":20},"end":{"line":27,"column":43}},"6":{"start":{"line":28,"column":23},"end":{"line":28,"column":75}},"7":{"start":{"line":29,"column":13},"end":{"line":29,"column":37}},"8":{"start":{"line":31,"column":0},"end":{"line":34,"column":1}},"9":{"start":{"line":32,"column":2},"end":{"line":32,"column":56}},"10":{"start":{"line":33,"column":2},"end":{"line":33,"column":18}},"11":{"start":{"line":39,"column":0},"end":{"line":39,"column":24}},"12":{"start":{"line":40,"column":0},"end":{"line":40,"column":48}},"13":{"start":{"line":42,"column":0},"end":{"line":47,"column":2}},"14":{"start":{"line":53,"column":21},"end":{"line":64,"column":3}},"15":{"start":{"line":67,"column":2},"end":{"line":75,"column":3}},"16":{"start":{"line":68,"column":4},"end":{"line":74,"column":7}},"17":{"start":{"line":78,"column":2},"end":{"line":78,"column":29}},"18":{"start":{"line":82,"column":24},"end":{"line":82,"column":46}},"19":{"start":{"line":83,"column":26},"end":{"line":83,"column":50}},"20":{"start":{"line":84,"column":22},"end":{"line":84,"column":42}},"21":{"start":{"line":85,"column":27},"end":{"line":85,"column":52}},"22":{"start":{"line":90,"column":0},"end":{"line":92,"column":1}},"23":{"start":{"line":91,"column":2},"end":{"line":91,"column":25}},"24":{"start":{"line":94,"column":0},"end":{"line":94,"column":56}},"25":{"start":{"line":96,"column":19},"end":{"line":96,"column":50}},"26":{"start":{"line":97,"column":0},"end":{"line":99,"column":1}},"27":{"start":{"line":98,"column":2},"end":{"line":98,"column":48}},"28":{"start":{"line":100,"column":0},"end":{"line":100,"column":48}},"29":{"start":{"line":105,"column":0},"end":{"line":105,"column":34}},"30":{"start":{"line":107,"column":0},"end":{"line":115,"column":1}},"31":{"start":{"line":108,"column":2},"end":{"line":114,"column":7}},"32":{"start":{"line":110,"column":16},"end":{"line":110,"column":53}},"33":{"start":{"line":112,"column":6},"end":{"line":112,"column":65}},"34":{"start":{"line":113,"column":6},"end":{"line":113,"column":22}},"35":{"start":{"line":144,"column":0},"end":{"line":144,"column":67}},"36":{"start":{"line":147,"column":0},"end":{"line":147,"column":50}},"37":{"start":{"line":148,"column":0},"end":{"line":148,"column":53}},"38":{"start":{"line":149,"column":0},"end":{"line":149,"column":57}},"39":{"start":{"line":150,"column":0},"end":{"line":150,"column":56}},"40":{"start":{"line":151,"column":0},"end":{"line":151,"column":72}},"41":{"start":{"line":152,"column":0},"end":{"line":152,"column":61}},"42":{"start":{"line":153,"column":0},"end":{"line":153,"column":71}},"43":{"start":{"line":156,"column":0},"end":{"line":156,"column":73}},"44":{"start":{"line":157,"column":0},"end":{"line":161,"column":2}},"45":{"start":{"line":164,"column":0},"end":{"line":164,"column":52}},"46":{"start":{"line":165,"column":0},"end":{"line":165,"column":61}},"47":{"start":{"line":168,"column":0},"end":{"line":168,"column":76}},"48":{"start":{"line":169,"column":0},"end":{"line":173,"column":2}},"49":{"start":{"line":176,"column":0},"end":{"line":176,"column":46}},"50":{"start":{"line":177,"column":0},"end":{"line":177,"column":33}},"51":{"start":{"line":178,"column":0},"end":{"line":178,"column":48}},"52":{"start":{"line":179,"column":0},"end":{"line":179,"column":56}},"53":{"start":{"line":181,"column":0},"end":{"line":181,"column":93}},"54":{"start":{"line":186,"column":0},"end":{"line":188,"column":3}},"55":{"start":{"line":187,"column":2},"end":{"line":187,"column":47}},"56":{"start":{"line":193,"column":0},"end":{"line":195,"column":3}},"57":{"start":{"line":194,"column":2},"end":{"line":194,"column":61}},"58":{"start":{"line":201,"column":2},"end":{"line":201,"column":67}},"59":{"start":{"line":203,"column":0},"end":{"line":207,"column":1}},"60":{"start":{"line":204,"column":2},"end":{"line":206,"column":5}},"61":{"start":{"line":205,"column":4},"end":{"line":205,"column":65}}},"fnMap":{"0":{"name":"sessionFor","decl":{"start":{"line":52,"column":9},"end":{"line":52,"column":19}},"loc":{"start":{"line":52,"column":30},"end":{"line":79,"column":1}},"line":52},"1":{"name":"(anonymous_1)","decl":{"start":{"line":110,"column":10},"end":{"line":110,"column":11}},"loc":{"start":{"line":110,"column":16},"end":{"line":110,"column":53}},"line":110},"2":{"name":"(anonymous_2)","decl":{"start":{"line":111,"column":11},"end":{"line":111,"column":12}},"loc":{"start":{"line":111,"column":20},"end":{"line":114,"column":5}},"line":111},"3":{"name":"(anonymous_3)","decl":{"start":{"line":186,"column":16},"end":{"line":186,"column":17}},"loc":{"start":{"line":186,"column":30},"end":{"line":188,"column":1}},"line":186},"4":{"name":"(anonymous_4)","decl":{"start":{"line":193,"column":13},"end":{"line":193,"column":14}},"loc":{"start":{"line":193,"column":27},"end":{"line":195,"column":1}},"line":193},"5":{"name":"(anonymous_5)","decl":{"start":{"line":204,"column":19},"end":{"line":204,"column":20}},"loc":{"start":{"line":204,"column":25},"end":{"line":206,"column":3}},"line":204}},"branchMap":{"0":{"loc":{"start":{"line":28,"column":23},"end":{"line":28,"column":75}},"type":"binary-expr","locations":[{"start":{"line":28,"column":23},"end":{"line":28,"column":49}},{"start":{"line":28,"column":53},"end":{"line":28,"column":75}}],"line":28},"1":{"loc":{"start":{"line":29,"column":13},"end":{"line":29,"column":37}},"type":"binary-expr","locations":[{"start":{"line":29,"column":13},"end":{"line":29,"column":29}},{"start":{"line":29,"column":33},"end":{"line":29,"column":37}}],"line":29},"2":{"loc":{"start":{"line":31,"column":0},"end":{"line":34,"column":1}},"type":"if","locations":[{"start":{"line":31,"column":0},"end":{"line":34,"column":1}},{"start":{},"end":{}}],"line":31},"3":{"loc":{"start":{"line":31,"column":4},"end":{"line":31,"column":30}},"type":"binary-expr","locations":[{"start":{"line":31,"column":4},"end":{"line":31,"column":16}},{"start":{"line":31,"column":20},"end":{"line":31,"column":30}}],"line":31},"4":{"loc":{"start":{"line":67,"column":2},"end":{"line":75,"column":3}},"type":"if","locations":[{"start":{"line":67,"column":2},"end":{"line":75,"column":3}},{"start":{},"end":{}}],"line":67},"5":{"loc":{"start":{"line":90,"column":0},"end":{"line":92,"column":1}},"type":"if","locations":[{"start":{"line":90,"column":0},"end":{"line":92,"column":1}},{"start":{},"end":{}}],"line":90},"6":{"loc":{"start":{"line":97,"column":0},"end":{"line":99,"column":1}},"type":"if","locations":[{"start":{"line":97,"column":0},"end":{"line":99,"column":1}},{"start":{},"end":{}}],"line":97},"7":{"loc":{"start":{"line":107,"column":0},"end":{"line":115,"column":1}},"type":"if","locations":[{"start":{"line":107,"column":0},"end":{"line":115,"column":1}},{"start":{},"end":{}}],"line":107},"8":{"loc":{"start":{"line":201,"column":2},"end":{"line":201,"column":67}},"type":"binary-expr","locations":[{"start":{"line":201,"column":2},"end":{"line":201,"column":33}},{"start":{"line":201,"column":37},"end":{"line":201,"column":67}}],"line":201},"9":{"loc":{"start":{"line":203,"column":0},"end":{"line":207,"column":1}},"type":"if","locations":[{"start":{"line":203,"column":0},"end":{"line":207,"column":1}},{"start":{},"end":{}}],"line":203}},"s":{"0":42,"1":42,"2":42,"3":42,"4":42,"5":42,"6":42,"7":42,"8":42,"9":0,"10":0,"11":42,"12":42,"13":42,"14":168,"15":168,"16":0,"17":168,"18":42,"19":42,"20":42,"21":42,"22":42,"23":0,"24":42,"25":42,"26":42,"27":0,"28":42,"29":42,"30":42,"31":0,"32":0,"33":0,"34":0,"35":42,"36":42,"37":42,"38":42,"39":42,"40":42,"41":42,"42":42,"43":42,"44":42,"45":42,"46":42,"47":42,"48":42,"49":42,"50":42,"51":42,"52":42,"53":42,"54":42,"55":10,"56":42,"57":0,"58":42,"59":42,"60":0,"61":0},"f":{"0":168,"1":0,"2":0,"3":10,"4":0,"5":0},"b":{"0":[42,0],"1":[42,0],"2":[0,42],"3":[42,0],"4":[0,168],"5":[0,42],"6":[0,42],"7":[0,42],"8":[42,42],"9":[0,42]},"_coverageSchema":"1a1c01bbd47fc00a2c39e90264f33305004495a9","hash":"4872fb2ade9204af76116ee3e2b4f49e7e1820e5"}
,"/Users/smruthibt/Desktop/SE-sec2_g3/proj2/food-delivery/config/rewards.js": {"path":"/Users/smruthibt/Desktop/SE-sec2_g3/proj2/food-delivery/config/rewards.js","statementMap":{"0":{"start":{"line":2,"column":25},"end":{"line":6,"column":1}}},"fnMap":{},"branchMap":{},"s":{"0":42},"f":{},"b":{},"_coverageSchema":"1a1c01bbd47fc00a2c39e90264f33305004495a9","hash":"bc8bc6cc96588ca54cc338a0635738b7f0d8c558"}
,"/Users/smruthibt/Desktop/SE-sec2_g3/proj2/food-delivery/models/CartItem.js": {"path":"/Users/smruthibt/Desktop/SE-sec2_g3/proj2/food-delivery/models/CartItem.js","statementMap":{"0":{"start":{"line":3,"column":23},"end":{"line":35,"column":24}}},"fnMap":{},"branchMap":{},"s":{"0":42},"f":{},"b":{},"_coverageSchema":"1a1c01bbd47fc00a2c39e90264f33305004495a9","hash":"487c149816b128a847f2bf8dceb353f6cd304d91"}
,"/Users/smruthibt/Desktop/SE-sec2_g3/proj2/food-delivery/models/ChallengeSession.js": {"path":"/Users/smruthibt/Desktop/SE-sec2_g3/proj2/food-delivery/models/ChallengeSession.js","statementMap":{"0":{"start":{"line":3,"column":31},"end":{"line":9,"column":24}}},"fnMap":{},"branchMap":{},"s":{"0":42},"f":{},"b":{},"_coverageSchema":"1a1c01bbd47fc00a2c39e90264f33305004495a9","hash":"063e1a7d247beff287284f799575fc439aa5b4e9"}
,"/Users/smruthibt/Desktop/SE-sec2_g3/proj2/food-delivery/models/Coupon.js": {"path":"/Users/smruthibt/Desktop/SE-sec2_g3/proj2/food-delivery/models/Coupon.js","statementMap":{"0":{"start":{"line":3,"column":21},"end":{"line":10,"column":24}}},"fnMap":{},"branchMap":{},"s":{"0":42},"f":{},"b":{},"_coverageSchema":"1a1c01bbd47fc00a2c39e90264f33305004495a9","hash":"8ecf0525875dbd399c7b1a2c671a71ffcf2fac16"}
,"/Users/smruthibt/Desktop/SE-sec2_g3/proj2/food-delivery/models/CustomerAuth.js": {"path":"/Users/smruthibt/Desktop/SE-sec2_g3/proj2/food-delivery/models/CustomerAuth.js","statementMap":{"0":{"start":{"line":2,"column":27},"end":{"line":10,"column":24}}},"fnMap":{},"branchMap":{},"s":{"0":42},"f":{},"b":{},"_coverageSchema":"1a1c01bbd47fc00a2c39e90264f33305004495a9","hash":"093e98503131f03f6156771fdb52e6049b2c0b74"}
,"/Users/smruthibt/Desktop/SE-sec2_g3/proj2/food-delivery/models/Driver.js": {"path":"/Users/smruthibt/Desktop/SE-sec2_g3/proj2/food-delivery/models/Driver.js","statementMap":{"0":{"start":{"line":4,"column":21},"end":{"line":11,"column":2}}},"fnMap":{},"branchMap":{},"s":{"0":42},"f":{},"b":{},"_coverageSchema":"1a1c01bbd47fc00a2c39e90264f33305004495a9","hash":"ea03bba6e03be9aca257926bfc9cb65657d0d1d1"}
,"/Users/smruthibt/Desktop/SE-sec2_g3/proj2/food-delivery/models/DriverAuth.js": {"path":"/Users/smruthibt/Desktop/SE-sec2_g3/proj2/food-delivery/models/DriverAuth.js","statementMap":{"0":{"start":{"line":4,"column":25},"end":{"line":8,"column":2}}},"fnMap":{},"branchMap":{},"s":{"0":42},"f":{},"b":{},"_coverageSchema":"1a1c01bbd47fc00a2c39e90264f33305004495a9","hash":"fccc4c4a4603a2892c622bf0f9c8081acd659b72"}
,"/Users/smruthibt/Desktop/SE-sec2_g3/proj2/food-delivery/models/MenuItem.js": {"path":"/Users/smruthibt/Desktop/SE-sec2_g3/proj2/food-delivery/models/MenuItem.js","statementMap":{"0":{"start":{"line":3,"column":23},"end":{"line":13,"column":24}}},"fnMap":{},"branchMap":{},"s":{"0":42},"f":{},"b":{},"_coverageSchema":"1a1c01bbd47fc00a2c39e90264f33305004495a9","hash":"61f04661ac01d976f8819df644041ccde7ebda56"}
,"/Users/smruthibt/Desktop/SE-sec2_g3/proj2/food-delivery/models/Order.js": {"path":"/Users/smruthibt/Desktop/SE-sec2_g3/proj2/food-delivery/models/Order.js","statementMap":{"0":{"start":{"line":5,"column":24},"end":{"line":10,"column":18}},"1":{"start":{"line":12,"column":20},"end":{"line":101,"column":1}}},"fnMap":{},"branchMap":{},"s":{"0":42,"1":42},"f":{},"b":{},"_coverageSchema":"1a1c01bbd47fc00a2c39e90264f33305004495a9","hash":"b39bbcb267a9bad44ec689c386410354b2042096"}
,"/Users/smruthibt/Desktop/SE-sec2_g3/proj2/food-delivery/models/Restaurant.js": {"path":"/Users/smruthibt/Desktop/SE-sec2_g3/proj2/food-delivery/models/Restaurant.js","statementMap":{"0":{"start":{"line":3,"column":25},"end":{"line":12,"column":24}}},"fnMap":{},"branchMap":{},"s":{"0":42},"f":{},"b":{},"_coverageSchema":"1a1c01bbd47fc00a2c39e90264f33305004495a9","hash":"82df68f85a29258ccfde6bfcd67f7542de446a88"}
,"/Users/smruthibt/Desktop/SE-sec2_g3/proj2/food-delivery/models/RestaurantAdmin.js": {"path":"/Users/smruthibt/Desktop/SE-sec2_g3/proj2/food-delivery/models/RestaurantAdmin.js","statementMap":{"0":{"start":{"line":2,"column":30},"end":{"line":6,"column":24}}},"fnMap":{},"branchMap":{},"s":{"0":42},"f":{},"b":{},"_coverageSchema":"1a1c01bbd47fc00a2c39e90264f33305004495a9","hash":"1533d19a72d258a69c51e2d8b2c2b1d0f703756b"}
,"/Users/smruthibt/Desktop/SE-sec2_g3/proj2/food-delivery/models/Supermarket.js": {"path":"/Users/smruthibt/Desktop/SE-sec2_g3/proj2/food-delivery/models/Supermarket.js","statementMap":{"0":{"start":{"line":3,"column":26},"end":{"line":20,"column":24}}},"fnMap":{},"branchMap":{},"s":{"0":42},"f":{},"b":{},"_coverageSchema":"1a1c01bbd47fc00a2c39e90264f33305004495a9","hash":"419de2c7f51dcee503f4acc3b5bafb030757cad9"}
,"/Users/smruthibt/Desktop/SE-sec2_g3/proj2/food-delivery/models/SupermarketItem.js": {"path":"/Users/smruthibt/Desktop/SE-sec2_g3/proj2/food-delivery/models/SupermarketItem.js","statementMap":{"0":{"start":{"line":4,"column":30},"end":{"line":24,"column":24}}},"fnMap":{},"branchMap":{},"s":{"0":42},"f":{},"b":{},"_coverageSchema":"1a1c01bbd47fc00a2c39e90264f33305004495a9","hash":"0f580ee66571839fa9fc8556e3eb692d13c848d3"}
,"/Users/smruthibt/Desktop/SE-sec2_g3/proj2/food-delivery/public/js/app.js": {"path":"/Users/smruthibt/Desktop/SE-sec2_g3/proj2/food-delivery/public/js/app.js","statementMap":{"0":{"start":{"line":2,"column":14},"end":{"line":2,"column":46}},"1":{"start":{"line":3,"column":2},"end":{"line":11,"column":3}},"2":{"start":{"line":4,"column":4},"end":{"line":4,"column":42}},"3":{"start":{"line":5,"column":4},"end":{"line":5,"column":23}},"4":{"start":{"line":6,"column":4},"end":{"line":6,"column":35}},"5":{"start":{"line":7,"column":4},"end":{"line":7,"column":32}},"6":{"start":{"line":8,"column":4},"end":{"line":8,"column":31}},"7":{"start":{"line":9,"column":4},"end":{"line":9,"column":32}},"8":{"start":{"line":10,"column":4},"end":{"line":10,"column":37}},"9":{"start":{"line":12,"column":13},"end":{"line":12,"column":42}},"10":{"start":{"line":13,"column":2},"end":{"line":13,"column":78}},"11":{"start":{"line":14,"column":2},"end":{"line":14,"column":27}},"12":{"start":{"line":15,"column":2},"end":{"line":15,"column":25}},"13":{"start":{"line":16,"column":2},"end":{"line":16,"column":24}},"14":{"start":{"line":17,"column":2},"end":{"line":17,"column":38}},"15":{"start":{"line":17,"column":19},"end":{"line":17,"column":30}},"16":{"start":{"line":19,"column":0},"end":{"line":19,"column":84}},"17":{"start":{"line":19,"column":35},"end":{"line":19,"column":84}}},"fnMap":{"0":{"name":"showToast","decl":{"start":{"line":1,"column":9},"end":{"line":1,"column":18}},"loc":{"start":{"line":1,"column":43},"end":{"line":18,"column":1}},"line":1},"1":{"name":"(anonymous_1)","decl":{"start":{"line":17,"column":13},"end":{"line":17,"column":14}},"loc":{"start":{"line":17,"column":19},"end":{"line":17,"column":30}},"line":17}},"branchMap":{"0":{"loc":{"start":{"line":1,"column":28},"end":{"line":1,"column":41}},"type":"default-arg","locations":[{"start":{"line":1,"column":36},"end":{"line":1,"column":41}}],"line":1},"1":{"loc":{"start":{"line":3,"column":2},"end":{"line":11,"column":3}},"type":"if","locations":[{"start":{"line":3,"column":2},"end":{"line":11,"column":3}},{"start":{},"end":{}}],"line":3},"2":{"loc":{"start":{"line":13,"column":26},"end":{"line":13,"column":68}},"type":"cond-expr","locations":[{"start":{"line":13,"column":36},"end":{"line":13,"column":50}},{"start":{"line":13,"column":53},"end":{"line":13,"column":68}}],"line":13},"3":{"loc":{"start":{"line":19,"column":0},"end":{"line":19,"column":84}},"type":"if","locations":[{"start":{"line":19,"column":0},"end":{"line":19,"column":84}},{"start":{},"end":{}}],"line":19},"4":{"loc":{"start":{"line":19,"column":54},"end":{"line":19,"column":83}},"type":"binary-expr","locations":[{"start":{"line":19,"column":54},"end":{"line":19,"column":70}},{"start":{"line":19,"column":74},"end":{"line":19,"column":83}}],"line":19}},"s":{"0":3,"1":3,"2":1,"3":1,"4":1,"5":1,"6":1,"7":1,"8":1,"9":3,"10":3,"11":3,"12":3,"13":3,"14":3,"15":1,"16":1,"17":1},"f":{"0":3,"1":1},"b":{"0":[2],"1":[1,2],"2":[1,2],"3":[1,0],"4":[1,1]},"_coverageSchema":"1a1c01bbd47fc00a2c39e90264f33305004495a9","hash":"ec01645a5731c88258d1423c5472044c11f03df8"}
,"/Users/smruthibt/Desktop/SE-sec2_g3/proj2/food-delivery/public/js/cart.js": {"path":"/Users/smruthibt/Desktop/SE-sec2_g3/proj2/food-delivery/public/js/cart.js","statementMap":{"0":{"start":{"line":4,"column":15},"end":{"line":4,"column":41}},"1":{"start":{"line":4,"column":31},"end":{"line":4,"column":39}},"2":{"start":{"line":5,"column":16},"end":{"line":5,"column":48}},"3":{"start":{"line":5,"column":31},"end":{"line":5,"column":47}},"4":{"start":{"line":6,"column":2},"end":{"line":7,"column":38}},"5":{"start":{"line":6,"column":13},"end":{"line":6,"column":28}},"6":{"start":{"line":7,"column":7},"end":{"line":7,"column":38}},"7":{"start":{"line":8,"column":2},"end":{"line":8,"column":14}},"8":{"start":{"line":12,"column":15},"end":{"line":12,"column":41}},"9":{"start":{"line":12,"column":31},"end":{"line":12,"column":39}},"10":{"start":{"line":13,"column":14},"end":{"line":13,"column":46}},"11":{"start":{"line":13,"column":34},"end":{"line":13,"column":45}},"12":{"start":{"line":14,"column":2},"end":{"line":17,"column":3}},"13":{"start":{"line":15,"column":4},"end":{"line":15,"column":23}},"14":{"start":{"line":16,"column":4},"end":{"line":16,"column":48}},"15":{"start":{"line":16,"column":28},"end":{"line":16,"column":48}},"16":{"start":{"line":18,"column":2},"end":{"line":18,"column":14}},"17":{"start":{"line":22,"column":15},"end":{"line":22,"column":41}},"18":{"start":{"line":22,"column":31},"end":{"line":22,"column":39}},"19":{"start":{"line":23,"column":13},"end":{"line":23,"column":40}},"20":{"start":{"line":23,"column":28},"end":{"line":23,"column":39}},"21":{"start":{"line":24,"column":2},"end":{"line":24,"column":23}},"22":{"start":{"line":24,"column":11},"end":{"line":24,"column":23}},"23":{"start":{"line":25,"column":2},"end":{"line":25,"column":53}},"24":{"start":{"line":25,"column":16},"end":{"line":25,"column":53}},"25":{"start":{"line":25,"column":40},"end":{"line":25,"column":51}},"26":{"start":{"line":26,"column":2},"end":{"line":26,"column":15}},"27":{"start":{"line":27,"column":2},"end":{"line":27,"column":14}},"28":{"start":{"line":31,"column":2},"end":{"line":31,"column":60}},"29":{"start":{"line":31,"column":34},"end":{"line":31,"column":55}},"30":{"start":{"line":36,"column":2},"end":{"line":36,"column":39}},"31":{"start":{"line":36,"column":13},"end":{"line":36,"column":39}},"32":{"start":{"line":37,"column":12},"end":{"line":37,"column":45}},"33":{"start":{"line":38,"column":19},"end":{"line":38,"column":24}},"34":{"start":{"line":39,"column":2},"end":{"line":39,"column":47}},"35":{"start":{"line":39,"column":22},"end":{"line":39,"column":47}},"36":{"start":{"line":40,"column":2},"end":{"line":40,"column":44}},"37":{"start":{"line":40,"column":21},"end":{"line":40,"column":44}},"38":{"start":{"line":42,"column":2},"end":{"line":42,"column":52}},"39":{"start":{"line":46,"column":2},"end":{"line":46,"column":46}},"40":{"start":{"line":46,"column":25},"end":{"line":46,"column":36}}},"fnMap":{"0":{"name":"addItem","decl":{"start":{"line":3,"column":16},"end":{"line":3,"column":23}},"loc":{"start":{"line":3,"column":37},"end":{"line":9,"column":1}},"line":3},"1":{"name":"(anonymous_1)","decl":{"start":{"line":4,"column":25},"end":{"line":4,"column":26}},"loc":{"start":{"line":4,"column":31},"end":{"line":4,"column":39}},"line":4},"2":{"name":"(anonymous_2)","decl":{"start":{"line":5,"column":26},"end":{"line":5,"column":27}},"loc":{"start":{"line":5,"column":31},"end":{"line":5,"column":47}},"line":5},"3":{"name":"removeItem","decl":{"start":{"line":11,"column":16},"end":{"line":11,"column":26}},"loc":{"start":{"line":11,"column":38},"end":{"line":19,"column":1}},"line":11},"4":{"name":"(anonymous_4)","decl":{"start":{"line":12,"column":25},"end":{"line":12,"column":26}},"loc":{"start":{"line":12,"column":31},"end":{"line":12,"column":39}},"line":12},"5":{"name":"(anonymous_5)","decl":{"start":{"line":13,"column":29},"end":{"line":13,"column":30}},"loc":{"start":{"line":13,"column":34},"end":{"line":13,"column":45}},"line":13},"6":{"name":"setQty","decl":{"start":{"line":21,"column":16},"end":{"line":21,"column":22}},"loc":{"start":{"line":21,"column":39},"end":{"line":28,"column":1}},"line":21},"7":{"name":"(anonymous_7)","decl":{"start":{"line":22,"column":25},"end":{"line":22,"column":26}},"loc":{"start":{"line":22,"column":31},"end":{"line":22,"column":39}},"line":22},"8":{"name":"(anonymous_8)","decl":{"start":{"line":23,"column":23},"end":{"line":23,"column":24}},"loc":{"start":{"line":23,"column":28},"end":{"line":23,"column":39}},"line":23},"9":{"name":"(anonymous_9)","decl":{"start":{"line":25,"column":35},"end":{"line":25,"column":36}},"loc":{"start":{"line":25,"column":40},"end":{"line":25,"column":51}},"line":25},"10":{"name":"totalAmount","decl":{"start":{"line":30,"column":16},"end":{"line":30,"column":27}},"loc":{"start":{"line":30,"column":35},"end":{"line":32,"column":1}},"line":30},"11":{"name":"(anonymous_11)","decl":{"start":{"line":31,"column":22},"end":{"line":31,"column":23}},"loc":{"start":{"line":31,"column":34},"end":{"line":31,"column":55}},"line":31},"12":{"name":"applyCoupon","decl":{"start":{"line":35,"column":16},"end":{"line":35,"column":27}},"loc":{"start":{"line":35,"column":41},"end":{"line":43,"column":1}},"line":35},"13":{"name":"findItem","decl":{"start":{"line":45,"column":16},"end":{"line":45,"column":24}},"loc":{"start":{"line":45,"column":36},"end":{"line":47,"column":1}},"line":45},"14":{"name":"(anonymous_14)","decl":{"start":{"line":46,"column":20},"end":{"line":46,"column":21}},"loc":{"start":{"line":46,"column":25},"end":{"line":46,"column":36}},"line":46}},"branchMap":{"0":{"loc":{"start":{"line":6,"column":2},"end":{"line":7,"column":38}},"type":"if","locations":[{"start":{"line":6,"column":2},"end":{"line":7,"column":38}},{"start":{"line":7,"column":7},"end":{"line":7,"column":38}}],"line":6},"1":{"loc":{"start":{"line":14,"column":2},"end":{"line":17,"column":3}},"type":"if","locations":[{"start":{"line":14,"column":2},"end":{"line":17,"column":3}},{"start":{},"end":{}}],"line":14},"2":{"loc":{"start":{"line":16,"column":4},"end":{"line":16,"column":48}},"type":"if","locations":[{"start":{"line":16,"column":4},"end":{"line":16,"column":48}},{"start":{},"end":{}}],"line":16},"3":{"loc":{"start":{"line":24,"column":2},"end":{"line":24,"column":23}},"type":"if","locations":[{"start":{"line":24,"column":2},"end":{"line":24,"column":23}},{"start":{},"end":{}}],"line":24},"4":{"loc":{"start":{"line":25,"column":2},"end":{"line":25,"column":53}},"type":"if","locations":[{"start":{"line":25,"column":2},"end":{"line":25,"column":53}},{"start":{},"end":{}}],"line":25},"5":{"loc":{"start":{"line":36,"column":2},"end":{"line":36,"column":39}},"type":"if","locations":[{"start":{"line":36,"column":2},"end":{"line":36,"column":39}},{"start":{},"end":{}}],"line":36},"6":{"loc":{"start":{"line":39,"column":2},"end":{"line":39,"column":47}},"type":"if","locations":[{"start":{"line":39,"column":2},"end":{"line":39,"column":47}},{"start":{},"end":{}}],"line":39},"7":{"loc":{"start":{"line":40,"column":2},"end":{"line":40,"column":44}},"type":"if","locations":[{"start":{"line":40,"column":2},"end":{"line":40,"column":44}},{"start":{},"end":{}}],"line":40},"8":{"loc":{"start":{"line":46,"column":9},"end":{"line":46,"column":45}},"type":"binary-expr","locations":[{"start":{"line":46,"column":9},"end":{"line":46,"column":37}},{"start":{"line":46,"column":41},"end":{"line":46,"column":45}}],"line":46}},"s":{"0":6,"1":4,"2":6,"3":4,"4":6,"5":2,"6":4,"7":6,"8":2,"9":2,"10":2,"11":2,"12":2,"13":2,"14":2,"15":1,"16":2,"17":2,"18":4,"19":2,"20":3,"21":2,"22":0,"23":2,"24":1,"25":2,"26":1,"27":1,"28":2,"29":4,"30":5,"31":0,"32":5,"33":5,"34":5,"35":2,"36":5,"37":3,"38":5,"39":2,"40":2},"f":{"0":6,"1":4,"2":4,"3":2,"4":2,"5":2,"6":2,"7":4,"8":3,"9":2,"10":2,"11":4,"12":5,"13":2,"14":2},"b":{"0":[2,4],"1":[2,0],"2":[1,1],"3":[0,2],"4":[1,1],"5":[0,5],"6":[2,3],"7":[3,2],"8":[2,1]},"_coverageSchema":"1a1c01bbd47fc00a2c39e90264f33305004495a9","hash":"4e1f07990a2326b62d457cf4dd0ed388bcdd1c51"}
,"/Users/smruthibt/Desktop/SE-sec2_g3/proj2/food-delivery/public/js/customer.js": {"path":"/Users/smruthibt/Desktop/SE-sec2_g3/proj2/food-delivery/public/js/customer.js","statementMap":{"0":{"start":{"line":4,"column":15},"end":{"line":4,"column":46}},"1":{"start":{"line":5,"column":2},"end":{"line":5,"column":62}},"2":{"start":{"line":5,"column":16},"end":{"line":5,"column":62}},"3":{"start":{"line":6,"column":15},"end":{"line":6,"column":32}},"4":{"start":{"line":7,"column":2},"end":{"line":7,"column":32}},"5":{"start":{"line":12,"column":4},"end":{"line":13,"column":100}},"6":{"start":{"line":15,"column":2},"end":{"line":15,"column":27}},"7":{"start":{"line":17,"column":15},"end":{"line":17,"column":53}},"8":{"start":{"line":18,"column":2},"end":{"line":24,"column":3}},"9":{"start":{"line":19,"column":18},"end":{"line":19,"column":47}},"10":{"start":{"line":20,"column":4},"end":{"line":20,"column":59}},"11":{"start":{"line":21,"column":4},"end":{"line":21,"column":51}},"12":{"start":{"line":22,"column":4},"end":{"line":22,"column":33}},"13":{"start":{"line":23,"column":4},"end":{"line":23,"column":11}},"14":{"start":{"line":26,"column":2},"end":{"line":31,"column":3}},"15":{"start":{"line":27,"column":17},"end":{"line":27,"column":46}},"16":{"start":{"line":28,"column":4},"end":{"line":28,"column":56}},"17":{"start":{"line":29,"column":4},"end":{"line":29,"column":63}},"18":{"start":{"line":30,"column":4},"end":{"line":30,"column":32}},"19":{"start":{"line":35,"column":2},"end":{"line":40,"column":3}},"20":{"start":{"line":36,"column":24},"end":{"line":36,"column":48}},"21":{"start":{"line":37,"column":4},"end":{"line":37,"column":45}},"22":{"start":{"line":39,"column":4},"end":{"line":39,"column":49}},"23":{"start":{"line":44,"column":0},"end":{"line":47,"column":1}},"24":{"start":{"line":45,"column":2},"end":{"line":45,"column":72}},"25":{"start":{"line":46,"column":2},"end":{"line":46,"column":75}}},"fnMap":{"0":{"name":"fetchRestaurants","decl":{"start":{"line":3,"column":15},"end":{"line":3,"column":31}},"loc":{"start":{"line":3,"column":34},"end":{"line":8,"column":1}},"line":3},"1":{"name":"renderRestaurants","decl":{"start":{"line":10,"column":22},"end":{"line":10,"column":39}},"loc":{"start":{"line":10,"column":49},"end":{"line":32,"column":1}},"line":10},"2":{"name":"initCustomerPage","decl":{"start":{"line":34,"column":22},"end":{"line":34,"column":38}},"loc":{"start":{"line":34,"column":41},"end":{"line":41,"column":1}},"line":34}},"branchMap":{"0":{"loc":{"start":{"line":5,"column":2},"end":{"line":5,"column":62}},"type":"if","locations":[{"start":{"line":5,"column":2},"end":{"line":5,"column":62}},{"start":{},"end":{}}],"line":5},"1":{"loc":{"start":{"line":7,"column":9},"end":{"line":7,"column":31}},"type":"binary-expr","locations":[{"start":{"line":7,"column":9},"end":{"line":7,"column":25}},{"start":{"line":7,"column":29},"end":{"line":7,"column":31}}],"line":7},"2":{"loc":{"start":{"line":12,"column":4},"end":{"line":13,"column":100}},"type":"binary-expr","locations":[{"start":{"line":12,"column":4},"end":{"line":12,"column":71}},{"start":{"line":13,"column":7},"end":{"line":13,"column":100}}],"line":12},"3":{"loc":{"start":{"line":17,"column":15},"end":{"line":17,"column":53}},"type":"binary-expr","locations":[{"start":{"line":17,"column":16},"end":{"line":17,"column":23}},{"start":{"line":17,"column":27},"end":{"line":17,"column":46}},{"start":{"line":17,"column":51},"end":{"line":17,"column":53}}],"line":17},"4":{"loc":{"start":{"line":18,"column":2},"end":{"line":24,"column":3}},"type":"if","locations":[{"start":{"line":18,"column":2},"end":{"line":24,"column":3}},{"start":{},"end":{}}],"line":18},"5":{"loc":{"start":{"line":29,"column":38},"end":{"line":29,"column":53}},"type":"binary-expr","locations":[{"start":{"line":29,"column":38},"end":{"line":29,"column":47}},{"start":{"line":29,"column":51},"end":{"line":29,"column":53}}],"line":29},"6":{"loc":{"start":{"line":44,"column":0},"end":{"line":47,"column":1}},"type":"if","locations":[{"start":{"line":44,"column":0},"end":{"line":47,"column":1}},{"start":{},"end":{}}],"line":44},"7":{"loc":{"start":{"line":45,"column":28},"end":{"line":45,"column":71}},"type":"binary-expr","locations":[{"start":{"line":45,"column":28},"end":{"line":45,"column":51}},{"start":{"line":45,"column":55},"end":{"line":45,"column":71}}],"line":45},"8":{"loc":{"start":{"line":46,"column":29},"end":{"line":46,"column":74}},"type":"binary-expr","locations":[{"start":{"line":46,"column":29},"end":{"line":46,"column":53}},{"start":{"line":46,"column":57},"end":{"line":46,"column":74}}],"line":46}},"s":{"0":1,"1":1,"2":0,"3":1,"4":1,"5":2,"6":2,"7":2,"8":2,"9":1,"10":1,"11":1,"12":1,"13":1,"14":1,"15":2,"16":2,"17":2,"18":2,"19":1,"20":1,"21":1,"22":0,"23":1,"24":1,"25":1},"f":{"0":1,"1":2,"2":1},"b":{"0":[0,1],"1":[1,0],"2":[2,1],"3":[2,2,0],"4":[1,1],"5":[2,0],"6":[1,0],"7":[1,1],"8":[1,1]},"_coverageSchema":"1a1c01bbd47fc00a2c39e90264f33305004495a9","hash":"55de763b223f558787ce2eb89ffcc466824d42a0"}
,"/Users/smruthibt/Desktop/SE-sec2_g3/proj2/food-delivery/public/js/validation.js": {"path":"/Users/smruthibt/Desktop/SE-sec2_g3/proj2/food-delivery/public/js/validation.js","statementMap":{"0":{"start":{"line":5,"column":2},"end":{"line":5,"column":60}},"1":{"start":{"line":5,"column":47},"end":{"line":5,"column":60}},"2":{"start":{"line":6,"column":2},"end":{"line":6,"column":41}},"3":{"start":{"line":6,"column":28},"end":{"line":6,"column":41}},"4":{"start":{"line":7,"column":2},"end":{"line":7,"column":38}},"5":{"start":{"line":7,"column":25},"end":{"line":7,"column":38}},"6":{"start":{"line":8,"column":2},"end":{"line":8,"column":68}},"7":{"start":{"line":8,"column":55},"end":{"line":8,"column":68}},"8":{"start":{"line":9,"column":2},"end":{"line":9,"column":14}},"9":{"start":{"line":13,"column":2},"end":{"line":13,"column":46}},"10":{"start":{"line":13,"column":33},"end":{"line":13,"column":46}},"11":{"start":{"line":15,"column":13},"end":{"line":15,"column":41}},"12":{"start":{"line":16,"column":2},"end":{"line":16,"column":31}},"13":{"start":{"line":20,"column":2},"end":{"line":20,"column":39}},"14":{"start":{"line":20,"column":29},"end":{"line":20,"column":39}},"15":{"start":{"line":22,"column":2},"end":{"line":22,"column":42}},"16":{"start":{"line":26,"column":2},"end":{"line":26,"column":54}}},"fnMap":{"0":{"name":"validatePassword","decl":{"start":{"line":4,"column":16},"end":{"line":4,"column":32}},"loc":{"start":{"line":4,"column":37},"end":{"line":10,"column":1}},"line":4},"1":{"name":"validateEmail","decl":{"start":{"line":12,"column":16},"end":{"line":12,"column":29}},"loc":{"start":{"line":12,"column":37},"end":{"line":17,"column":1}},"line":12},"2":{"name":"sanitizeText","decl":{"start":{"line":19,"column":16},"end":{"line":19,"column":28}},"loc":{"start":{"line":19,"column":32},"end":{"line":23,"column":1}},"line":19},"3":{"name":"isNonEmpty","decl":{"start":{"line":25,"column":16},"end":{"line":25,"column":26}},"loc":{"start":{"line":25,"column":30},"end":{"line":27,"column":1}},"line":25}},"branchMap":{"0":{"loc":{"start":{"line":5,"column":2},"end":{"line":5,"column":60}},"type":"if","locations":[{"start":{"line":5,"column":2},"end":{"line":5,"column":60}},{"start":{},"end":{}}],"line":5},"1":{"loc":{"start":{"line":5,"column":6},"end":{"line":5,"column":45}},"type":"binary-expr","locations":[{"start":{"line":5,"column":6},"end":{"line":5,"column":28}},{"start":{"line":5,"column":32},"end":{"line":5,"column":45}}],"line":5},"2":{"loc":{"start":{"line":6,"column":2},"end":{"line":6,"column":41}},"type":"if","locations":[{"start":{"line":6,"column":2},"end":{"line":6,"column":41}},{"start":{},"end":{}}],"line":6},"3":{"loc":{"start":{"line":7,"column":2},"end":{"line":7,"column":38}},"type":"if","locations":[{"start":{"line":7,"column":2},"end":{"line":7,"column":38}},{"start":{},"end":{}}],"line":7},"4":{"loc":{"start":{"line":8,"column":2},"end":{"line":8,"column":68}},"type":"if","locations":[{"start":{"line":8,"column":2},"end":{"line":8,"column":68}},{"start":{},"end":{}}],"line":8},"5":{"loc":{"start":{"line":13,"column":2},"end":{"line":13,"column":46}},"type":"if","locations":[{"start":{"line":13,"column":2},"end":{"line":13,"column":46}},{"start":{},"end":{}}],"line":13},"6":{"loc":{"start":{"line":20,"column":2},"end":{"line":20,"column":39}},"type":"if","locations":[{"start":{"line":20,"column":2},"end":{"line":20,"column":39}},{"start":{},"end":{}}],"line":20},"7":{"loc":{"start":{"line":26,"column":9},"end":{"line":26,"column":53}},"type":"binary-expr","locations":[{"start":{"line":26,"column":9},"end":{"line":26,"column":30}},{"start":{"line":26,"column":34},"end":{"line":26,"column":53}}],"line":26}},"s":{"0":8,"1":3,"2":5,"3":0,"4":5,"5":1,"6":4,"7":1,"8":3,"9":5,"10":0,"11":5,"12":5,"13":1,"14":0,"15":1,"16":2},"f":{"0":8,"1":5,"2":1,"3":2},"b":{"0":[3,5],"1":[8,8],"2":[0,5],"3":[1,4],"4":[1,3],"5":[0,5],"6":[0,1],"7":[2,2]},"_coverageSchema":"1a1c01bbd47fc00a2c39e90264f33305004495a9","hash":"6cea62512c1451006e17ba4f9785e64cb11a07fd"}
,"/Users/smruthibt/Desktop/SE-sec2_g3/proj2/food-delivery/routes/SupermarketAuth.js": {"path":"/Users/smruthibt/Desktop/SE-sec2_g3/proj2/food-delivery/routes/SupermarketAuth.js","statementMap":{"0":{"start":{"line":5,"column":15},"end":{"line":5,"column":31}},"1":{"start":{"line":6,"column":13},"end":{"line":6,"column":47}},"2":{"start":{"line":6,"column":25},"end":{"line":6,"column":47}},"3":{"start":{"line":9,"column":0},"end":{"line":62,"column":3}},"4":{"start":{"line":10,"column":2},"end":{"line":61,"column":3}},"5":{"start":{"line":11,"column":58},"end":{"line":11,"column":72}},"6":{"start":{"line":12,"column":4},"end":{"line":16,"column":5}},"7":{"start":{"line":13,"column":6},"end":{"line":15,"column":71}},"8":{"start":{"line":18,"column":28},"end":{"line":18,"column":39}},"9":{"start":{"line":20,"column":19},"end":{"line":20,"column":77}},"10":{"start":{"line":21,"column":4},"end":{"line":23,"column":5}},"11":{"start":{"line":22,"column":6},"end":{"line":22,"column":73}},"12":{"start":{"line":25,"column":25},"end":{"line":25,"column":56}},"13":{"start":{"line":27,"column":24},"end":{"line":36,"column":6}},"14":{"start":{"line":38,"column":4},"end":{"line":57,"column":7}},"15":{"start":{"line":39,"column":6},"end":{"line":42,"column":7}},"16":{"start":{"line":40,"column":8},"end":{"line":40,"column":68}},"17":{"start":{"line":41,"column":8},"end":{"line":41,"column":64}},"18":{"start":{"line":44,"column":6},"end":{"line":44,"column":58}},"19":{"start":{"line":45,"column":6},"end":{"line":45,"column":53}},"20":{"start":{"line":47,"column":6},"end":{"line":56,"column":9}},"21":{"start":{"line":59,"column":4},"end":{"line":59,"column":60}},"22":{"start":{"line":60,"column":4},"end":{"line":60,"column":49}},"23":{"start":{"line":65,"column":0},"end":{"line":109,"column":3}},"24":{"start":{"line":66,"column":2},"end":{"line":108,"column":3}},"25":{"start":{"line":67,"column":18},"end":{"line":67,"column":39}},"26":{"start":{"line":68,"column":21},"end":{"line":68,"column":45}},"27":{"start":{"line":70,"column":4},"end":{"line":74,"column":5}},"28":{"start":{"line":71,"column":6},"end":{"line":73,"column":56}},"29":{"start":{"line":76,"column":24},"end":{"line":76,"column":72}},"30":{"start":{"line":77,"column":4},"end":{"line":79,"column":5}},"31":{"start":{"line":78,"column":6},"end":{"line":78,"column":68}},"32":{"start":{"line":81,"column":15},"end":{"line":81,"column":71}},"33":{"start":{"line":82,"column":4},"end":{"line":84,"column":5}},"34":{"start":{"line":83,"column":6},"end":{"line":83,"column":68}},"35":{"start":{"line":86,"column":4},"end":{"line":104,"column":7}},"36":{"start":{"line":87,"column":6},"end":{"line":90,"column":7}},"37":{"start":{"line":88,"column":8},"end":{"line":88,"column":68}},"38":{"start":{"line":89,"column":8},"end":{"line":89,"column":64}},"39":{"start":{"line":92,"column":6},"end":{"line":92,"column":58}},"40":{"start":{"line":93,"column":6},"end":{"line":93,"column":53}},"41":{"start":{"line":95,"column":6},"end":{"line":103,"column":9}},"42":{"start":{"line":106,"column":4},"end":{"line":106,"column":53}},"43":{"start":{"line":107,"column":4},"end":{"line":107,"column":49}},"44":{"start":{"line":112,"column":0},"end":{"line":122,"column":3}},"45":{"start":{"line":113,"column":2},"end":{"line":115,"column":3}},"46":{"start":{"line":114,"column":4},"end":{"line":114,"column":60}},"47":{"start":{"line":117,"column":2},"end":{"line":121,"column":5}},"48":{"start":{"line":125,"column":0},"end":{"line":129,"column":3}},"49":{"start":{"line":126,"column":2},"end":{"line":128,"column":5}},"50":{"start":{"line":127,"column":4},"end":{"line":127,"column":50}}},"fnMap":{"0":{"name":"(anonymous_0)","decl":{"start":{"line":6,"column":13},"end":{"line":6,"column":14}},"loc":{"start":{"line":6,"column":25},"end":{"line":6,"column":47}},"line":6},"1":{"name":"(anonymous_1)","decl":{"start":{"line":9,"column":25},"end":{"line":9,"column":26}},"loc":{"start":{"line":9,"column":45},"end":{"line":62,"column":1}},"line":9},"2":{"name":"(anonymous_2)","decl":{"start":{"line":38,"column":27},"end":{"line":38,"column":28}},"loc":{"start":{"line":38,"column":36},"end":{"line":57,"column":5}},"line":38},"3":{"name":"(anonymous_3)","decl":{"start":{"line":65,"column":22},"end":{"line":65,"column":23}},"loc":{"start":{"line":65,"column":42},"end":{"line":109,"column":1}},"line":65},"4":{"name":"(anonymous_4)","decl":{"start":{"line":86,"column":27},"end":{"line":86,"column":28}},"loc":{"start":{"line":86,"column":36},"end":{"line":104,"column":5}},"line":86},"5":{"name":"(anonymous_5)","decl":{"start":{"line":112,"column":18},"end":{"line":112,"column":19}},"loc":{"start":{"line":112,"column":32},"end":{"line":122,"column":1}},"line":112},"6":{"name":"(anonymous_6)","decl":{"start":{"line":125,"column":23},"end":{"line":125,"column":24}},"loc":{"start":{"line":125,"column":37},"end":{"line":129,"column":1}},"line":125},"7":{"name":"(anonymous_7)","decl":{"start":{"line":126,"column":22},"end":{"line":126,"column":23}},"loc":{"start":{"line":126,"column":28},"end":{"line":128,"column":3}},"line":126}},"branchMap":{"0":{"loc":{"start":{"line":6,"column":14},"end":{"line":6,"column":20}},"type":"default-arg","locations":[{"start":{"line":6,"column":18},"end":{"line":6,"column":20}}],"line":6},"1":{"loc":{"start":{"line":11,"column":58},"end":{"line":11,"column":72}},"type":"binary-expr","locations":[{"start":{"line":11,"column":58},"end":{"line":11,"column":66}},{"start":{"line":11,"column":70},"end":{"line":11,"column":72}}],"line":11},"2":{"loc":{"start":{"line":12,"column":4},"end":{"line":16,"column":5}},"type":"if","locations":[{"start":{"line":12,"column":4},"end":{"line":16,"column":5}},{"start":{},"end":{}}],"line":12},"3":{"loc":{"start":{"line":12,"column":8},"end":{"line":12,"column":48}},"type":"binary-expr","locations":[{"start":{"line":12,"column":8},"end":{"line":12,"column":13}},{"start":{"line":12,"column":17},"end":{"line":12,"column":23}},{"start":{"line":12,"column":27},"end":{"line":12,"column":36}},{"start":{"line":12,"column":40},"end":{"line":12,"column":48}}],"line":12},"4":{"loc":{"start":{"line":21,"column":4},"end":{"line":23,"column":5}},"type":"if","locations":[{"start":{"line":21,"column":4},"end":{"line":23,"column":5}},{"start":{},"end":{}}],"line":21},"5":{"loc":{"start":{"line":29,"column":19},"end":{"line":29,"column":36}},"type":"binary-expr","locations":[{"start":{"line":29,"column":19},"end":{"line":29,"column":30}},{"start":{"line":29,"column":34},"end":{"line":29,"column":36}}],"line":29},"6":{"loc":{"start":{"line":39,"column":6},"end":{"line":42,"column":7}},"type":"if","locations":[{"start":{"line":39,"column":6},"end":{"line":42,"column":7}},{"start":{},"end":{}}],"line":39},"7":{"loc":{"start":{"line":68,"column":21},"end":{"line":68,"column":45}},"type":"binary-expr","locations":[{"start":{"line":68,"column":21},"end":{"line":68,"column":39}},{"start":{"line":68,"column":43},"end":{"line":68,"column":45}}],"line":68},"8":{"loc":{"start":{"line":70,"column":4},"end":{"line":74,"column":5}},"type":"if","locations":[{"start":{"line":70,"column":4},"end":{"line":74,"column":5}},{"start":{},"end":{}}],"line":70},"9":{"loc":{"start":{"line":70,"column":8},"end":{"line":70,"column":27}},"type":"binary-expr","locations":[{"start":{"line":70,"column":8},"end":{"line":70,"column":14}},{"start":{"line":70,"column":18},"end":{"line":70,"column":27}}],"line":70},"10":{"loc":{"start":{"line":77,"column":4},"end":{"line":79,"column":5}},"type":"if","locations":[{"start":{"line":77,"column":4},"end":{"line":79,"column":5}},{"start":{},"end":{}}],"line":77},"11":{"loc":{"start":{"line":82,"column":4},"end":{"line":84,"column":5}},"type":"if","locations":[{"start":{"line":82,"column":4},"end":{"line":84,"column":5}},{"start":{},"end":{}}],"line":82},"12":{"loc":{"start":{"line":87,"column":6},"end":{"line":90,"column":7}},"type":"if","locations":[{"start":{"line":87,"column":6},"end":{"line":90,"column":7}},{"start":{},"end":{}}],"line":87},"13":{"loc":{"start":{"line":113,"column":2},"end":{"line":115,"column":3}},"type":"if","locations":[{"start":{"line":113,"column":2},"end":{"line":115,"column":3}},{"start":{},"end":{}}],"line":113}},"s":{"0":42,"1":42,"2":48,"3":42,"4":26,"5":26,"6":26,"7":1,"8":25,"9":25,"10":25,"11":1,"12":24,"13":24,"14":24,"15":24,"16":0,"17":0,"18":24,"19":24,"20":24,"21":0,"22":0,"23":42,"24":23,"25":23,"26":23,"27":23,"28":0,"29":23,"30":23,"31":0,"32":23,"33":23,"34":2,"35":21,"36":21,"37":0,"38":0,"39":21,"40":21,"41":21,"42":0,"43":0,"44":42,"45":23,"46":2,"47":21,"48":42,"49":0,"50":0},"f":{"0":48,"1":26,"2":24,"3":23,"4":21,"5":23,"6":0,"7":0},"b":{"0":[0],"1":[26,0],"2":[1,25],"3":[26,26,25,25],"4":[1,24],"5":[24,5],"6":[0,24],"7":[23,0],"8":[0,23],"9":[23,23],"10":[0,23],"11":[2,21],"12":[0,21],"13":[2,21]},"_coverageSchema":"1a1c01bbd47fc00a2c39e90264f33305004495a9","hash":"06a84426713fa33977b9b016be4495b05da87256"}
,"/Users/smruthibt/Desktop/SE-sec2_g3/proj2/food-delivery/routes/cart.js": {"path":"/Users/smruthibt/Desktop/SE-sec2_g3/proj2/food-delivery/routes/cart.js","statementMap":{"0":{"start":{"line":6,"column":15},"end":{"line":6,"column":31}},"1":{"start":{"line":9,"column":0},"end":{"line":84,"column":3}},"2":{"start":{"line":10,"column":2},"end":{"line":83,"column":3}},"3":{"start":{"line":11,"column":23},"end":{"line":11,"column":45}},"4":{"start":{"line":12,"column":4},"end":{"line":12,"column":79}},"5":{"start":{"line":12,"column":21},"end":{"line":12,"column":79}},"6":{"start":{"line":15,"column":17},"end":{"line":24,"column":13}},"7":{"start":{"line":26,"column":25},"end":{"line":77,"column":6}},"8":{"start":{"line":27,"column":25},"end":{"line":27,"column":54}},"9":{"start":{"line":29,"column":6},"end":{"line":76,"column":7}},"10":{"start":{"line":30,"column":23},"end":{"line":30,"column":49}},"11":{"start":{"line":31,"column":23},"end":{"line":31,"column":49}},"12":{"start":{"line":33,"column":8},"end":{"line":52,"column":10}},"13":{"start":{"line":54,"column":21},"end":{"line":54,"column":40}},"14":{"start":{"line":55,"column":27},"end":{"line":55,"column":50}},"15":{"start":{"line":57,"column":8},"end":{"line":75,"column":10}},"16":{"start":{"line":79,"column":4},"end":{"line":79,"column":27}},"17":{"start":{"line":81,"column":4},"end":{"line":81,"column":46}},"18":{"start":{"line":82,"column":4},"end":{"line":82,"column":49}},"19":{"start":{"line":91,"column":0},"end":{"line":170,"column":3}},"20":{"start":{"line":92,"column":2},"end":{"line":169,"column":3}},"21":{"start":{"line":93,"column":23},"end":{"line":93,"column":45}},"22":{"start":{"line":94,"column":4},"end":{"line":96,"column":5}},"23":{"start":{"line":95,"column":6},"end":{"line":95,"column":71}},"24":{"start":{"line":105,"column":8},"end":{"line":105,"column":16}},"25":{"start":{"line":107,"column":16},"end":{"line":107,"column":37}},"26":{"start":{"line":110,"column":4},"end":{"line":137,"column":5}},"27":{"start":{"line":111,"column":6},"end":{"line":115,"column":7}},"28":{"start":{"line":112,"column":8},"end":{"line":114,"column":75}},"29":{"start":{"line":117,"column":21},"end":{"line":117,"column":70}},"30":{"start":{"line":118,"column":6},"end":{"line":120,"column":7}},"31":{"start":{"line":119,"column":8},"end":{"line":119,"column":77}},"32":{"start":{"line":122,"column":19},"end":{"line":134,"column":7}},"33":{"start":{"line":136,"column":6},"end":{"line":136,"column":40}},"34":{"start":{"line":140,"column":4},"end":{"line":144,"column":5}},"35":{"start":{"line":141,"column":6},"end":{"line":143,"column":65}},"36":{"start":{"line":146,"column":21},"end":{"line":146,"column":56}},"37":{"start":{"line":147,"column":4},"end":{"line":149,"column":5}},"38":{"start":{"line":148,"column":6},"end":{"line":148,"column":68}},"39":{"start":{"line":151,"column":17},"end":{"line":163,"column":5}},"40":{"start":{"line":165,"column":4},"end":{"line":165,"column":31}},"41":{"start":{"line":167,"column":4},"end":{"line":167,"column":53}},"42":{"start":{"line":168,"column":4},"end":{"line":168,"column":49}},"43":{"start":{"line":173,"column":0},"end":{"line":196,"column":3}},"44":{"start":{"line":174,"column":2},"end":{"line":195,"column":3}},"45":{"start":{"line":175,"column":23},"end":{"line":175,"column":45}},"46":{"start":{"line":176,"column":4},"end":{"line":176,"column":86}},"47":{"start":{"line":176,"column":21},"end":{"line":176,"column":86}},"48":{"start":{"line":178,"column":25},"end":{"line":178,"column":33}},"49":{"start":{"line":179,"column":4},"end":{"line":179,"column":86}},"50":{"start":{"line":179,"column":26},"end":{"line":179,"column":86}},"51":{"start":{"line":181,"column":4},"end":{"line":184,"column":5}},"52":{"start":{"line":182,"column":6},"end":{"line":182,"column":82}},"53":{"start":{"line":183,"column":6},"end":{"line":183,"column":51}},"54":{"start":{"line":186,"column":17},"end":{"line":190,"column":5}},"55":{"start":{"line":192,"column":4},"end":{"line":192,"column":19}},"56":{"start":{"line":194,"column":4},"end":{"line":194,"column":49}},"57":{"start":{"line":199,"column":0},"end":{"line":209,"column":3}},"58":{"start":{"line":200,"column":2},"end":{"line":208,"column":3}},"59":{"start":{"line":201,"column":23},"end":{"line":201,"column":45}},"60":{"start":{"line":202,"column":4},"end":{"line":202,"column":86}},"61":{"start":{"line":202,"column":21},"end":{"line":202,"column":86}},"62":{"start":{"line":204,"column":4},"end":{"line":204,"column":80}},"63":{"start":{"line":205,"column":4},"end":{"line":205,"column":27}},"64":{"start":{"line":207,"column":4},"end":{"line":207,"column":49}},"65":{"start":{"line":212,"column":0},"end":{"line":222,"column":3}},"66":{"start":{"line":213,"column":2},"end":{"line":221,"column":3}},"67":{"start":{"line":214,"column":23},"end":{"line":214,"column":45}},"68":{"start":{"line":215,"column":4},"end":{"line":215,"column":86}},"69":{"start":{"line":215,"column":21},"end":{"line":215,"column":86}},"70":{"start":{"line":217,"column":4},"end":{"line":217,"column":54}},"71":{"start":{"line":218,"column":4},"end":{"line":218,"column":27}},"72":{"start":{"line":220,"column":4},"end":{"line":220,"column":49}}},"fnMap":{"0":{"name":"(anonymous_0)","decl":{"start":{"line":9,"column":16},"end":{"line":9,"column":17}},"loc":{"start":{"line":9,"column":36},"end":{"line":84,"column":1}},"line":9},"1":{"name":"(anonymous_1)","decl":{"start":{"line":26,"column":34},"end":{"line":26,"column":35}},"loc":{"start":{"line":26,"column":42},"end":{"line":77,"column":5}},"line":26},"2":{"name":"(anonymous_2)","decl":{"start":{"line":91,"column":17},"end":{"line":91,"column":18}},"loc":{"start":{"line":91,"column":37},"end":{"line":170,"column":1}},"line":91},"3":{"name":"(anonymous_3)","decl":{"start":{"line":173,"column":21},"end":{"line":173,"column":22}},"loc":{"start":{"line":173,"column":41},"end":{"line":196,"column":1}},"line":173},"4":{"name":"(anonymous_4)","decl":{"start":{"line":199,"column":22},"end":{"line":199,"column":23}},"loc":{"start":{"line":199,"column":42},"end":{"line":209,"column":1}},"line":199},"5":{"name":"(anonymous_5)","decl":{"start":{"line":212,"column":19},"end":{"line":212,"column":20}},"loc":{"start":{"line":212,"column":39},"end":{"line":222,"column":1}},"line":212}},"branchMap":{"0":{"loc":{"start":{"line":12,"column":4},"end":{"line":12,"column":79}},"type":"if","locations":[{"start":{"line":12,"column":4},"end":{"line":12,"column":79}},{"start":{},"end":{}}],"line":12},"1":{"loc":{"start":{"line":27,"column":25},"end":{"line":27,"column":54}},"type":"binary-expr","locations":[{"start":{"line":27,"column":25},"end":{"line":27,"column":38}},{"start":{"line":27,"column":42},"end":{"line":27,"column":54}}],"line":27},"2":{"loc":{"start":{"line":29,"column":6},"end":{"line":76,"column":7}},"type":"if","locations":[{"start":{"line":29,"column":6},"end":{"line":76,"column":7}},{"start":{"line":53,"column":13},"end":{"line":76,"column":7}}],"line":29},"3":{"loc":{"start":{"line":30,"column":23},"end":{"line":30,"column":49}},"type":"binary-expr","locations":[{"start":{"line":30,"column":23},"end":{"line":30,"column":43}},{"start":{"line":30,"column":47},"end":{"line":30,"column":49}}],"line":30},"4":{"loc":{"start":{"line":31,"column":23},"end":{"line":31,"column":49}},"type":"binary-expr","locations":[{"start":{"line":31,"column":23},"end":{"line":31,"column":43}},{"start":{"line":31,"column":47},"end":{"line":31,"column":49}}],"line":31},"5":{"loc":{"start":{"line":39,"column":18},"end":{"line":39,"column":47}},"type":"binary-expr","locations":[{"start":{"line":39,"column":18},"end":{"line":39,"column":29}},{"start":{"line":39,"column":33},"end":{"line":39,"column":47}}],"line":39},"6":{"loc":{"start":{"line":40,"column":19},"end":{"line":40,"column":36}},"type":"binary-expr","locations":[{"start":{"line":40,"column":19},"end":{"line":40,"column":31}},{"start":{"line":40,"column":35},"end":{"line":40,"column":36}}],"line":40},"7":{"loc":{"start":{"line":41,"column":22},"end":{"line":41,"column":45}},"type":"binary-expr","locations":[{"start":{"line":41,"column":22},"end":{"line":41,"column":37}},{"start":{"line":41,"column":41},"end":{"line":41,"column":45}}],"line":41},"8":{"loc":{"start":{"line":42,"column":25},"end":{"line":42,"column":51}},"type":"binary-expr","locations":[{"start":{"line":42,"column":25},"end":{"line":42,"column":43}},{"start":{"line":42,"column":47},"end":{"line":42,"column":51}}],"line":42},"9":{"loc":{"start":{"line":46,"column":20},"end":{"line":46,"column":48}},"type":"binary-expr","locations":[{"start":{"line":46,"column":20},"end":{"line":46,"column":31}},{"start":{"line":46,"column":35},"end":{"line":46,"column":48}}],"line":46},"10":{"loc":{"start":{"line":47,"column":27},"end":{"line":47,"column":50}},"type":"binary-expr","locations":[{"start":{"line":47,"column":27},"end":{"line":47,"column":45}},{"start":{"line":47,"column":49},"end":{"line":47,"column":50}}],"line":47},"11":{"loc":{"start":{"line":48,"column":23},"end":{"line":48,"column":43}},"type":"binary-expr","locations":[{"start":{"line":48,"column":23},"end":{"line":48,"column":37}},{"start":{"line":48,"column":41},"end":{"line":48,"column":43}}],"line":48},"12":{"loc":{"start":{"line":54,"column":21},"end":{"line":54,"column":40}},"type":"binary-expr","locations":[{"start":{"line":54,"column":21},"end":{"line":54,"column":34}},{"start":{"line":54,"column":38},"end":{"line":54,"column":40}}],"line":54},"13":{"loc":{"start":{"line":55,"column":27},"end":{"line":55,"column":50}},"type":"binary-expr","locations":[{"start":{"line":55,"column":27},"end":{"line":55,"column":44}},{"start":{"line":55,"column":48},"end":{"line":55,"column":50}}],"line":55},"14":{"loc":{"start":{"line":63,"column":18},"end":{"line":63,"column":45}},"type":"binary-expr","locations":[{"start":{"line":63,"column":18},"end":{"line":63,"column":27}},{"start":{"line":63,"column":31},"end":{"line":63,"column":45}}],"line":63},"15":{"loc":{"start":{"line":64,"column":19},"end":{"line":64,"column":34}},"type":"binary-expr","locations":[{"start":{"line":64,"column":19},"end":{"line":64,"column":29}},{"start":{"line":64,"column":33},"end":{"line":64,"column":34}}],"line":64},"16":{"loc":{"start":{"line":65,"column":22},"end":{"line":65,"column":43}},"type":"binary-expr","locations":[{"start":{"line":65,"column":22},"end":{"line":65,"column":35}},{"start":{"line":65,"column":39},"end":{"line":65,"column":43}}],"line":65},"17":{"loc":{"start":{"line":66,"column":25},"end":{"line":66,"column":50}},"type":"binary-expr","locations":[{"start":{"line":66,"column":25},"end":{"line":66,"column":41}},{"start":{"line":66,"column":45},"end":{"line":66,"column":50}}],"line":66},"18":{"loc":{"start":{"line":69,"column":20},"end":{"line":69,"column":51}},"type":"binary-expr","locations":[{"start":{"line":69,"column":20},"end":{"line":69,"column":35}},{"start":{"line":69,"column":39},"end":{"line":69,"column":51}}],"line":69},"19":{"loc":{"start":{"line":70,"column":27},"end":{"line":70,"column":54}},"type":"binary-expr","locations":[{"start":{"line":70,"column":27},"end":{"line":70,"column":49}},{"start":{"line":70,"column":53},"end":{"line":70,"column":54}}],"line":70},"20":{"loc":{"start":{"line":71,"column":23},"end":{"line":71,"column":47}},"type":"binary-expr","locations":[{"start":{"line":71,"column":23},"end":{"line":71,"column":41}},{"start":{"line":71,"column":45},"end":{"line":71,"column":47}}],"line":71},"21":{"loc":{"start":{"line":94,"column":4},"end":{"line":96,"column":5}},"type":"if","locations":[{"start":{"line":94,"column":4},"end":{"line":96,"column":5}},{"start":{},"end":{}}],"line":94},"22":{"loc":{"start":{"line":101,"column":6},"end":{"line":101,"column":18}},"type":"default-arg","locations":[{"start":{"line":101,"column":17},"end":{"line":101,"column":18}}],"line":101},"23":{"loc":{"start":{"line":107,"column":16},"end":{"line":107,"column":37}},"type":"binary-expr","locations":[{"start":{"line":107,"column":16},"end":{"line":107,"column":32}},{"start":{"line":107,"column":36},"end":{"line":107,"column":37}}],"line":107},"24":{"loc":{"start":{"line":110,"column":4},"end":{"line":137,"column":5}},"type":"if","locations":[{"start":{"line":110,"column":4},"end":{"line":137,"column":5}},{"start":{},"end":{}}],"line":110},"25":{"loc":{"start":{"line":111,"column":6},"end":{"line":115,"column":7}},"type":"if","locations":[{"start":{"line":111,"column":6},"end":{"line":115,"column":7}},{"start":{},"end":{}}],"line":111},"26":{"loc":{"start":{"line":111,"column":10},"end":{"line":111,"column":46}},"type":"binary-expr","locations":[{"start":{"line":111,"column":10},"end":{"line":111,"column":28}},{"start":{"line":111,"column":32},"end":{"line":111,"column":46}}],"line":111},"27":{"loc":{"start":{"line":118,"column":6},"end":{"line":120,"column":7}},"type":"if","locations":[{"start":{"line":118,"column":6},"end":{"line":120,"column":7}},{"start":{},"end":{}}],"line":118},"28":{"loc":{"start":{"line":140,"column":4},"end":{"line":144,"column":5}},"type":"if","locations":[{"start":{"line":140,"column":4},"end":{"line":144,"column":5}},{"start":{},"end":{}}],"line":140},"29":{"loc":{"start":{"line":140,"column":8},"end":{"line":140,"column":36}},"type":"binary-expr","locations":[{"start":{"line":140,"column":8},"end":{"line":140,"column":19}},{"start":{"line":140,"column":23},"end":{"line":140,"column":36}}],"line":140},"30":{"loc":{"start":{"line":147,"column":4},"end":{"line":149,"column":5}},"type":"if","locations":[{"start":{"line":147,"column":4},"end":{"line":149,"column":5}},{"start":{},"end":{}}],"line":147},"31":{"loc":{"start":{"line":176,"column":4},"end":{"line":176,"column":86}},"type":"if","locations":[{"start":{"line":176,"column":4},"end":{"line":176,"column":86}},{"start":{},"end":{}}],"line":176},"32":{"loc":{"start":{"line":179,"column":4},"end":{"line":179,"column":86}},"type":"if","locations":[{"start":{"line":179,"column":4},"end":{"line":179,"column":86}},{"start":{},"end":{}}],"line":179},"33":{"loc":{"start":{"line":181,"column":4},"end":{"line":184,"column":5}},"type":"if","locations":[{"start":{"line":181,"column":4},"end":{"line":184,"column":5}},{"start":{},"end":{}}],"line":181},"34":{"loc":{"start":{"line":202,"column":4},"end":{"line":202,"column":86}},"type":"if","locations":[{"start":{"line":202,"column":4},"end":{"line":202,"column":86}},{"start":{},"end":{}}],"line":202},"35":{"loc":{"start":{"line":215,"column":4},"end":{"line":215,"column":86}},"type":"if","locations":[{"start":{"line":215,"column":4},"end":{"line":215,"column":86}},{"start":{},"end":{}}],"line":215}},"s":{"0":42,"1":42,"2":4,"3":4,"4":4,"5":1,"6":3,"7":3,"8":2,"9":2,"10":0,"11":0,"12":0,"13":2,"14":2,"15":2,"16":3,"17":0,"18":0,"19":42,"20":5,"21":5,"22":5,"23":1,"24":4,"25":4,"26":4,"27":0,"28":0,"29":0,"30":0,"31":0,"32":0,"33":0,"34":4,"35":0,"36":4,"37":4,"38":0,"39":4,"40":4,"41":0,"42":0,"43":42,"44":2,"45":2,"46":2,"47":1,"48":1,"49":1,"50":0,"51":1,"52":0,"53":0,"54":1,"55":1,"56":0,"57":42,"58":2,"59":2,"60":2,"61":1,"62":1,"63":1,"64":0,"65":42,"66":1,"67":1,"68":1,"69":1,"70":0,"71":0,"72":0},"f":{"0":4,"1":2,"2":5,"3":2,"4":2,"5":1},"b":{"0":[1,3],"1":[2,0],"2":[0,2],"3":[0,0],"4":[0,0],"5":[0,0],"6":[0,0],"7":[0,0],"8":[0,0],"9":[0,0],"10":[0,0],"11":[0,0],"12":[2,0],"13":[2,0],"14":[2,0],"15":[2,0],"16":[2,2],"17":[2,0],"18":[2,0],"19":[2,0],"20":[2,0],"21":[1,4],"22":[0],"23":[4,0],"24":[0,4],"25":[0,0],"26":[0,0],"27":[0,0],"28":[0,4],"29":[4,4],"30":[0,4],"31":[1,1],"32":[0,1],"33":[0,1],"34":[1,1],"35":[1,0]},"_coverageSchema":"1a1c01bbd47fc00a2c39e90264f33305004495a9","hash":"eef30fe538e77ae09dc0d9b4de2b5c04c33646d8"}
,"/Users/smruthibt/Desktop/SE-sec2_g3/proj2/food-delivery/routes/challenges.js": {"path":"/Users/smruthibt/Desktop/SE-sec2_g3/proj2/food-delivery/routes/challenges.js","statementMap":{"0":{"start":{"line":8,"column":15},"end":{"line":8,"column":31}},"1":{"start":{"line":9,"column":29},"end":{"line":9,"column":87}},"2":{"start":{"line":10,"column":22},"end":{"line":10,"column":74}},"3":{"start":{"line":13,"column":0},"end":{"line":40,"column":3}},"4":{"start":{"line":14,"column":2},"end":{"line":39,"column":3}},"5":{"start":{"line":15,"column":19},"end":{"line":15,"column":42}},"6":{"start":{"line":16,"column":45},"end":{"line":16,"column":59}},"7":{"start":{"line":17,"column":4},"end":{"line":17,"column":73}},"8":{"start":{"line":17,"column":17},"end":{"line":17,"column":73}},"9":{"start":{"line":18,"column":4},"end":{"line":18,"column":77}},"10":{"start":{"line":18,"column":18},"end":{"line":18,"column":77}},"11":{"start":{"line":20,"column":22},"end":{"line":20,"column":63}},"12":{"start":{"line":21,"column":17},"end":{"line":21,"column":90}},"13":{"start":{"line":23,"column":18},"end":{"line":32,"column":5}},"14":{"start":{"line":34,"column":16},"end":{"line":34,"column":72}},"15":{"start":{"line":35,"column":4},"end":{"line":35,"column":22}},"16":{"start":{"line":37,"column":4},"end":{"line":37,"column":23}},"17":{"start":{"line":38,"column":4},"end":{"line":38,"column":54}},"18":{"start":{"line":44,"column":0},"end":{"line":77,"column":3}},"19":{"start":{"line":45,"column":2},"end":{"line":76,"column":3}},"20":{"start":{"line":46,"column":18},"end":{"line":46,"column":34}},"21":{"start":{"line":47,"column":4},"end":{"line":47,"column":73}},"22":{"start":{"line":47,"column":16},"end":{"line":47,"column":73}},"23":{"start":{"line":49,"column":20},"end":{"line":49,"column":59}},"24":{"start":{"line":50,"column":17},"end":{"line":50,"column":61}},"25":{"start":{"line":51,"column":4},"end":{"line":51,"column":75}},"26":{"start":{"line":51,"column":15},"end":{"line":51,"column":75}},"27":{"start":{"line":54,"column":18},"end":{"line":54,"column":52}},"28":{"start":{"line":55,"column":4},"end":{"line":62,"column":5}},"29":{"start":{"line":56,"column":6},"end":{"line":60,"column":7}},"30":{"start":{"line":57,"column":8},"end":{"line":57,"column":32}},"31":{"start":{"line":58,"column":8},"end":{"line":58,"column":36}},"32":{"start":{"line":59,"column":8},"end":{"line":59,"column":26}},"33":{"start":{"line":61,"column":6},"end":{"line":61,"column":82}},"34":{"start":{"line":64,"column":4},"end":{"line":65,"column":64}},"35":{"start":{"line":65,"column":6},"end":{"line":65,"column":64}},"36":{"start":{"line":67,"column":4},"end":{"line":72,"column":7}},"37":{"start":{"line":74,"column":17},"end":{"line":74,"column":62}},"38":{"start":{"line":75,"column":4},"end":{"line":75,"column":65}},"39":{"start":{"line":81,"column":0},"end":{"line":116,"column":3}},"40":{"start":{"line":82,"column":2},"end":{"line":115,"column":3}},"41":{"start":{"line":83,"column":18},"end":{"line":83,"column":33}},"42":{"start":{"line":84,"column":4},"end":{"line":84,"column":73}},"43":{"start":{"line":84,"column":16},"end":{"line":84,"column":73}},"44":{"start":{"line":86,"column":20},"end":{"line":86,"column":59}},"45":{"start":{"line":87,"column":17},"end":{"line":87,"column":61}},"46":{"start":{"line":88,"column":4},"end":{"line":88,"column":75}},"47":{"start":{"line":88,"column":15},"end":{"line":88,"column":75}},"48":{"start":{"line":89,"column":4},"end":{"line":90,"column":78}},"49":{"start":{"line":90,"column":6},"end":{"line":90,"column":78}},"50":{"start":{"line":92,"column":19},"end":{"line":92,"column":63}},"51":{"start":{"line":93,"column":17},"end":{"line":93,"column":79}},"52":{"start":{"line":95,"column":4},"end":{"line":101,"column":7}},"53":{"start":{"line":103,"column":4},"end":{"line":103,"column":24}},"54":{"start":{"line":104,"column":4},"end":{"line":104,"column":22}},"55":{"start":{"line":107,"column":4},"end":{"line":109,"column":7}},"56":{"start":{"line":111,"column":4},"end":{"line":111,"column":77}},"57":{"start":{"line":113,"column":17},"end":{"line":113,"column":62}},"58":{"start":{"line":114,"column":4},"end":{"line":114,"column":65}},"59":{"start":{"line":119,"column":0},"end":{"line":154,"column":3}},"60":{"start":{"line":120,"column":2},"end":{"line":153,"column":3}},"61":{"start":{"line":121,"column":30},"end":{"line":121,"column":44}},"62":{"start":{"line":122,"column":4},"end":{"line":122,"column":73}},"63":{"start":{"line":122,"column":16},"end":{"line":122,"column":73}},"64":{"start":{"line":124,"column":20},"end":{"line":124,"column":59}},"65":{"start":{"line":125,"column":17},"end":{"line":125,"column":61}},"66":{"start":{"line":126,"column":4},"end":{"line":126,"column":75}},"67":{"start":{"line":126,"column":15},"end":{"line":126,"column":75}},"68":{"start":{"line":129,"column":4},"end":{"line":129,"column":78}},"69":{"start":{"line":129,"column":34},"end":{"line":129,"column":78}},"70":{"start":{"line":132,"column":4},"end":{"line":132,"column":55}},"71":{"start":{"line":132,"column":25},"end":{"line":132,"column":55}},"72":{"start":{"line":135,"column":18},"end":{"line":135,"column":52}},"73":{"start":{"line":136,"column":4},"end":{"line":146,"column":5}},"74":{"start":{"line":137,"column":6},"end":{"line":137,"column":30}},"75":{"start":{"line":138,"column":6},"end":{"line":138,"column":34}},"76":{"start":{"line":139,"column":6},"end":{"line":139,"column":24}},"77":{"start":{"line":141,"column":6},"end":{"line":143,"column":9}},"78":{"start":{"line":145,"column":6},"end":{"line":145,"column":74}},"79":{"start":{"line":149,"column":4},"end":{"line":149,"column":34}},"80":{"start":{"line":151,"column":17},"end":{"line":151,"column":62}},"81":{"start":{"line":152,"column":4},"end":{"line":152,"column":65}},"82":{"start":{"line":158,"column":0},"end":{"line":180,"column":3}},"83":{"start":{"line":159,"column":2},"end":{"line":179,"column":3}},"84":{"start":{"line":160,"column":22},"end":{"line":160,"column":36}},"85":{"start":{"line":161,"column":4},"end":{"line":161,"column":73}},"86":{"start":{"line":161,"column":16},"end":{"line":161,"column":73}},"87":{"start":{"line":163,"column":20},"end":{"line":163,"column":59}},"88":{"start":{"line":164,"column":17},"end":{"line":164,"column":61}},"89":{"start":{"line":165,"column":4},"end":{"line":165,"column":75}},"90":{"start":{"line":165,"column":15},"end":{"line":165,"column":75}},"91":{"start":{"line":167,"column":4},"end":{"line":167,"column":25}},"92":{"start":{"line":168,"column":4},"end":{"line":168,"column":22}},"93":{"start":{"line":171,"column":4},"end":{"line":173,"column":7}},"94":{"start":{"line":175,"column":4},"end":{"line":175,"column":27}},"95":{"start":{"line":177,"column":17},"end":{"line":177,"column":62}},"96":{"start":{"line":178,"column":4},"end":{"line":178,"column":65}}},"fnMap":{"0":{"name":"(anonymous_0)","decl":{"start":{"line":13,"column":22},"end":{"line":13,"column":23}},"loc":{"start":{"line":13,"column":42},"end":{"line":40,"column":1}},"line":13},"1":{"name":"(anonymous_1)","decl":{"start":{"line":44,"column":23},"end":{"line":44,"column":24}},"loc":{"start":{"line":44,"column":43},"end":{"line":77,"column":1}},"line":44},"2":{"name":"(anonymous_2)","decl":{"start":{"line":81,"column":25},"end":{"line":81,"column":26}},"loc":{"start":{"line":81,"column":45},"end":{"line":116,"column":1}},"line":81},"3":{"name":"(anonymous_3)","decl":{"start":{"line":119,"column":23},"end":{"line":119,"column":24}},"loc":{"start":{"line":119,"column":43},"end":{"line":154,"column":1}},"line":119},"4":{"name":"(anonymous_4)","decl":{"start":{"line":158,"column":21},"end":{"line":158,"column":22}},"loc":{"start":{"line":158,"column":41},"end":{"line":180,"column":1}},"line":158}},"branchMap":{"0":{"loc":{"start":{"line":9,"column":29},"end":{"line":9,"column":87}},"type":"binary-expr","locations":[{"start":{"line":9,"column":29},"end":{"line":9,"column":61}},{"start":{"line":9,"column":65},"end":{"line":9,"column":87}}],"line":9},"1":{"loc":{"start":{"line":10,"column":22},"end":{"line":10,"column":74}},"type":"binary-expr","locations":[{"start":{"line":10,"column":22},"end":{"line":10,"column":47}},{"start":{"line":10,"column":51},"end":{"line":10,"column":74}}],"line":10},"2":{"loc":{"start":{"line":16,"column":21},"end":{"line":16,"column":40}},"type":"default-arg","locations":[{"start":{"line":16,"column":34},"end":{"line":16,"column":40}}],"line":16},"3":{"loc":{"start":{"line":16,"column":45},"end":{"line":16,"column":59}},"type":"binary-expr","locations":[{"start":{"line":16,"column":45},"end":{"line":16,"column":53}},{"start":{"line":16,"column":57},"end":{"line":16,"column":59}}],"line":16},"4":{"loc":{"start":{"line":17,"column":4},"end":{"line":17,"column":73}},"type":"if","locations":[{"start":{"line":17,"column":4},"end":{"line":17,"column":73}},{"start":{},"end":{}}],"line":17},"5":{"loc":{"start":{"line":18,"column":4},"end":{"line":18,"column":77}},"type":"if","locations":[{"start":{"line":18,"column":4},"end":{"line":18,"column":77}},{"start":{},"end":{}}],"line":18},"6":{"loc":{"start":{"line":47,"column":4},"end":{"line":47,"column":73}},"type":"if","locations":[{"start":{"line":47,"column":4},"end":{"line":47,"column":73}},{"start":{},"end":{}}],"line":47},"7":{"loc":{"start":{"line":51,"column":4},"end":{"line":51,"column":75}},"type":"if","locations":[{"start":{"line":51,"column":4},"end":{"line":51,"column":75}},{"start":{},"end":{}}],"line":51},"8":{"loc":{"start":{"line":55,"column":4},"end":{"line":62,"column":5}},"type":"if","locations":[{"start":{"line":55,"column":4},"end":{"line":62,"column":5}},{"start":{},"end":{}}],"line":55},"9":{"loc":{"start":{"line":56,"column":6},"end":{"line":60,"column":7}},"type":"if","locations":[{"start":{"line":56,"column":6},"end":{"line":60,"column":7}},{"start":{},"end":{}}],"line":56},"10":{"loc":{"start":{"line":64,"column":4},"end":{"line":65,"column":64}},"type":"if","locations":[{"start":{"line":64,"column":4},"end":{"line":65,"column":64}},{"start":{},"end":{}}],"line":64},"11":{"loc":{"start":{"line":64,"column":8},"end":{"line":64,"column":64}},"type":"binary-expr","locations":[{"start":{"line":64,"column":8},"end":{"line":64,"column":32}},{"start":{"line":64,"column":36},"end":{"line":64,"column":64}}],"line":64},"12":{"loc":{"start":{"line":74,"column":17},"end":{"line":74,"column":62}},"type":"cond-expr","locations":[{"start":{"line":74,"column":53},"end":{"line":74,"column":56}},{"start":{"line":74,"column":59},"end":{"line":74,"column":62}}],"line":74},"13":{"loc":{"start":{"line":84,"column":4},"end":{"line":84,"column":73}},"type":"if","locations":[{"start":{"line":84,"column":4},"end":{"line":84,"column":73}},{"start":{},"end":{}}],"line":84},"14":{"loc":{"start":{"line":88,"column":4},"end":{"line":88,"column":75}},"type":"if","locations":[{"start":{"line":88,"column":4},"end":{"line":88,"column":75}},{"start":{},"end":{}}],"line":88},"15":{"loc":{"start":{"line":89,"column":4},"end":{"line":90,"column":78}},"type":"if","locations":[{"start":{"line":89,"column":4},"end":{"line":90,"column":78}},{"start":{},"end":{}}],"line":89},"16":{"loc":{"start":{"line":89,"column":8},"end":{"line":89,"column":64}},"type":"binary-expr","locations":[{"start":{"line":89,"column":8},"end":{"line":89,"column":32}},{"start":{"line":89,"column":36},"end":{"line":89,"column":64}}],"line":89},"17":{"loc":{"start":{"line":92,"column":19},"end":{"line":92,"column":63}},"type":"binary-expr","locations":[{"start":{"line":92,"column":19},"end":{"line":92,"column":45}},{"start":{"line":92,"column":49},"end":{"line":92,"column":63}}],"line":92},"18":{"loc":{"start":{"line":113,"column":17},"end":{"line":113,"column":62}},"type":"cond-expr","locations":[{"start":{"line":113,"column":53},"end":{"line":113,"column":56}},{"start":{"line":113,"column":59},"end":{"line":113,"column":62}}],"line":113},"19":{"loc":{"start":{"line":121,"column":30},"end":{"line":121,"column":44}},"type":"binary-expr","locations":[{"start":{"line":121,"column":30},"end":{"line":121,"column":38}},{"start":{"line":121,"column":42},"end":{"line":121,"column":44}}],"line":121},"20":{"loc":{"start":{"line":122,"column":4},"end":{"line":122,"column":73}},"type":"if","locations":[{"start":{"line":122,"column":4},"end":{"line":122,"column":73}},{"start":{},"end":{}}],"line":122},"21":{"loc":{"start":{"line":126,"column":4},"end":{"line":126,"column":75}},"type":"if","locations":[{"start":{"line":126,"column":4},"end":{"line":126,"column":75}},{"start":{},"end":{}}],"line":126},"22":{"loc":{"start":{"line":129,"column":4},"end":{"line":129,"column":78}},"type":"if","locations":[{"start":{"line":129,"column":4},"end":{"line":129,"column":78}},{"start":{},"end":{}}],"line":129},"23":{"loc":{"start":{"line":132,"column":4},"end":{"line":132,"column":55}},"type":"if","locations":[{"start":{"line":132,"column":4},"end":{"line":132,"column":55}},{"start":{},"end":{}}],"line":132},"24":{"loc":{"start":{"line":136,"column":4},"end":{"line":146,"column":5}},"type":"if","locations":[{"start":{"line":136,"column":4},"end":{"line":146,"column":5}},{"start":{},"end":{}}],"line":136},"25":{"loc":{"start":{"line":151,"column":17},"end":{"line":151,"column":62}},"type":"cond-expr","locations":[{"start":{"line":151,"column":53},"end":{"line":151,"column":56}},{"start":{"line":151,"column":59},"end":{"line":151,"column":62}}],"line":151},"26":{"loc":{"start":{"line":160,"column":22},"end":{"line":160,"column":36}},"type":"binary-expr","locations":[{"start":{"line":160,"column":22},"end":{"line":160,"column":30}},{"start":{"line":160,"column":34},"end":{"line":160,"column":36}}],"line":160},"27":{"loc":{"start":{"line":161,"column":4},"end":{"line":161,"column":73}},"type":"if","locations":[{"start":{"line":161,"column":4},"end":{"line":161,"column":73}},{"start":{},"end":{}}],"line":161},"28":{"loc":{"start":{"line":165,"column":4},"end":{"line":165,"column":75}},"type":"if","locations":[{"start":{"line":165,"column":4},"end":{"line":165,"column":75}},{"start":{},"end":{}}],"line":165},"29":{"loc":{"start":{"line":177,"column":17},"end":{"line":177,"column":62}},"type":"cond-expr","locations":[{"start":{"line":177,"column":53},"end":{"line":177,"column":56}},{"start":{"line":177,"column":59},"end":{"line":177,"column":62}}],"line":177}},"s":{"0":42,"1":42,"2":42,"3":42,"4":3,"5":3,"6":3,"7":3,"8":1,"9":2,"10":1,"11":1,"12":1,"13":1,"14":1,"15":1,"16":0,"17":0,"18":42,"19":1,"20":1,"21":1,"22":0,"23":1,"24":1,"25":1,"26":0,"27":1,"28":1,"29":0,"30":0,"31":0,"32":0,"33":0,"34":1,"35":0,"36":1,"37":0,"38":0,"39":42,"40":1,"41":1,"42":1,"43":0,"44":1,"45":1,"46":1,"47":0,"48":1,"49":0,"50":1,"51":1,"52":1,"53":1,"54":1,"55":1,"56":1,"57":0,"58":0,"59":42,"60":1,"61":1,"62":1,"63":0,"64":1,"65":1,"66":1,"67":0,"68":1,"69":0,"70":1,"71":0,"72":1,"73":1,"74":0,"75":0,"76":0,"77":0,"78":0,"79":1,"80":0,"81":0,"82":42,"83":0,"84":0,"85":0,"86":0,"87":0,"88":0,"89":0,"90":0,"91":0,"92":0,"93":0,"94":0,"95":0,"96":0},"f":{"0":3,"1":1,"2":1,"3":1,"4":0},"b":{"0":[42,42],"1":[42,42],"2":[2],"3":[3,0],"4":[1,2],"5":[1,1],"6":[0,1],"7":[0,1],"8":[0,1],"9":[0,0],"10":[0,1],"11":[1,1],"12":[0,0],"13":[0,1],"14":[0,1],"15":[0,1],"16":[1,1],"17":[1,0],"18":[0,0],"19":[1,0],"20":[0,1],"21":[0,1],"22":[0,1],"23":[0,1],"24":[0,1],"25":[0,0],"26":[0,0],"27":[0,0],"28":[0,0],"29":[0,0]},"_coverageSchema":"1a1c01bbd47fc00a2c39e90264f33305004495a9","hash":"59d2d0c873ea66ecd0035b6672c1cf3c4c608e96"}
,"/Users/smruthibt/Desktop/SE-sec2_g3/proj2/food-delivery/routes/chessChallenges.js": {"path":"/Users/smruthibt/Desktop/SE-sec2_g3/proj2/food-delivery/routes/chessChallenges.js","statementMap":{"0":{"start":{"line":6,"column":15},"end":{"line":6,"column":31}},"1":{"start":{"line":8,"column":29},"end":{"line":12,"column":1}},"2":{"start":{"line":16,"column":15},"end":{"line":16,"column":71}},"3":{"start":{"line":17,"column":2},"end":{"line":17,"column":29}},"4":{"start":{"line":21,"column":0},"end":{"line":98,"column":3}},"5":{"start":{"line":23,"column":2},"end":{"line":97,"column":3}},"6":{"start":{"line":24,"column":19},"end":{"line":24,"column":41}},"7":{"start":{"line":25,"column":4},"end":{"line":27,"column":5}},"8":{"start":{"line":26,"column":6},"end":{"line":26,"column":62}},"9":{"start":{"line":29,"column":45},"end":{"line":29,"column":59}},"10":{"start":{"line":30,"column":4},"end":{"line":32,"column":5}},"11":{"start":{"line":31,"column":6},"end":{"line":31,"column":78}},"12":{"start":{"line":34,"column":20},"end":{"line":34,"column":52}},"13":{"start":{"line":35,"column":28},"end":{"line":35,"column":57}},"14":{"start":{"line":36,"column":4},"end":{"line":38,"column":5}},"15":{"start":{"line":37,"column":6},"end":{"line":37,"column":77}},"16":{"start":{"line":41,"column":18},"end":{"line":41,"column":75}},"17":{"start":{"line":42,"column":4},"end":{"line":44,"column":5}},"18":{"start":{"line":43,"column":6},"end":{"line":43,"column":64}},"19":{"start":{"line":47,"column":4},"end":{"line":49,"column":5}},"20":{"start":{"line":48,"column":6},"end":{"line":48,"column":98}},"21":{"start":{"line":52,"column":4},"end":{"line":54,"column":5}},"22":{"start":{"line":53,"column":6},"end":{"line":53,"column":92}},"23":{"start":{"line":57,"column":4},"end":{"line":63,"column":5}},"24":{"start":{"line":58,"column":6},"end":{"line":58,"column":39}},"25":{"start":{"line":59,"column":6},"end":{"line":59,"column":36}},"26":{"start":{"line":60,"column":6},"end":{"line":60,"column":42}},"27":{"start":{"line":61,"column":6},"end":{"line":61,"column":25}},"28":{"start":{"line":62,"column":6},"end":{"line":62,"column":52}},"29":{"start":{"line":66,"column":17},"end":{"line":66,"column":58}},"30":{"start":{"line":67,"column":16},"end":{"line":67,"column":26}},"31":{"start":{"line":68,"column":22},"end":{"line":68,"column":71}},"32":{"start":{"line":70,"column":18},"end":{"line":70,"column":62}},"33":{"start":{"line":72,"column":12},"end":{"line":72,"column":14}},"34":{"start":{"line":74,"column":19},"end":{"line":81,"column":6}},"35":{"start":{"line":84,"column":4},"end":{"line":84,"column":40}},"36":{"start":{"line":85,"column":4},"end":{"line":85,"column":34}},"37":{"start":{"line":86,"column":4},"end":{"line":86,"column":40}},"38":{"start":{"line":87,"column":4},"end":{"line":87,"column":23}},"39":{"start":{"line":89,"column":4},"end":{"line":93,"column":7}},"40":{"start":{"line":95,"column":4},"end":{"line":95,"column":49}},"41":{"start":{"line":96,"column":4},"end":{"line":96,"column":61}}},"fnMap":{"0":{"name":"generateCouponCode","decl":{"start":{"line":15,"column":9},"end":{"line":15,"column":27}},"loc":{"start":{"line":15,"column":46},"end":{"line":18,"column":1}},"line":15},"1":{"name":"(anonymous_1)","decl":{"start":{"line":21,"column":25},"end":{"line":21,"column":26}},"loc":{"start":{"line":21,"column":45},"end":{"line":98,"column":1}},"line":21}},"branchMap":{"0":{"loc":{"start":{"line":15,"column":28},"end":{"line":15,"column":44}},"type":"default-arg","locations":[{"start":{"line":15,"column":37},"end":{"line":15,"column":44}}],"line":15},"1":{"loc":{"start":{"line":25,"column":4},"end":{"line":27,"column":5}},"type":"if","locations":[{"start":{"line":25,"column":4},"end":{"line":27,"column":5}},{"start":{},"end":{}}],"line":25},"2":{"loc":{"start":{"line":29,"column":45},"end":{"line":29,"column":59}},"type":"binary-expr","locations":[{"start":{"line":29,"column":45},"end":{"line":29,"column":53}},{"start":{"line":29,"column":57},"end":{"line":29,"column":59}}],"line":29},"3":{"loc":{"start":{"line":30,"column":4},"end":{"line":32,"column":5}},"type":"if","locations":[{"start":{"line":30,"column":4},"end":{"line":32,"column":5}},{"start":{},"end":{}}],"line":30},"4":{"loc":{"start":{"line":30,"column":8},"end":{"line":30,"column":31}},"type":"binary-expr","locations":[{"start":{"line":30,"column":8},"end":{"line":30,"column":16}},{"start":{"line":30,"column":20},"end":{"line":30,"column":31}}],"line":30},"5":{"loc":{"start":{"line":36,"column":4},"end":{"line":38,"column":5}},"type":"if","locations":[{"start":{"line":36,"column":4},"end":{"line":38,"column":5}},{"start":{},"end":{}}],"line":36},"6":{"loc":{"start":{"line":42,"column":4},"end":{"line":44,"column":5}},"type":"if","locations":[{"start":{"line":42,"column":4},"end":{"line":44,"column":5}},{"start":{},"end":{}}],"line":42},"7":{"loc":{"start":{"line":47,"column":4},"end":{"line":49,"column":5}},"type":"if","locations":[{"start":{"line":47,"column":4},"end":{"line":49,"column":5}},{"start":{},"end":{}}],"line":47},"8":{"loc":{"start":{"line":52,"column":4},"end":{"line":54,"column":5}},"type":"if","locations":[{"start":{"line":52,"column":4},"end":{"line":54,"column":5}},{"start":{},"end":{}}],"line":52},"9":{"loc":{"start":{"line":57,"column":4},"end":{"line":63,"column":5}},"type":"if","locations":[{"start":{"line":57,"column":4},"end":{"line":63,"column":5}},{"start":{},"end":{}}],"line":57}},"s":{"0":42,"1":42,"2":4,"3":
[...]
,"/Users/smruthibt/Desktop/SE-sec2_g3/proj2/food-delivery/routes/supermarkets.js": {"path":"/Users/smruthibt/Desktop/SE-sec2_g3/proj2/food-delivery/routes/supermarkets.js","statementMap":{"0":{"start":{"line":5,"column":15},"end":{"line":5,"column":31}},"1":{"start":{"line":8,"column":0},"end":{"line":23,"column":3}},"2":{"start":{"line":9,"column":2},"end":{"line":22,"column":3}},"3":{"start":{"line":10,"column":14},"end":{"line":10,"column":33}},"4":{"start":{"line":11,"column":19},"end":{"line":13,"column":10}},"5":{"start":{"line":15,"column":20},"end":{"line":16,"column":42}},"6":{"start":{"line":18,"column":4},"end":{"line":18,"column":22}},"7":{"start":{"line":20,"column":4},"end":{"line":20,"column":55}},"8":{"start":{"line":21,"column":4},"end":{"line":21,"column":49}},"9":{"start":{"line":26,"column":0},"end":{"line":37,"column":3}},"10":{"start":{"line":27,"column":2},"end":{"line":36,"column":3}},"11":{"start":{"line":28,"column":19},"end":{"line":28,"column":60}},"12":{"start":{"line":29,"column":4},"end":{"line":31,"column":5}},"13":{"start":{"line":30,"column":6},"end":{"line":30,"column":70}},"14":{"start":{"line":32,"column":4},"end":{"line":32,"column":21}},"15":{"start":{"line":34,"column":4},"end":{"line":34,"column":54}},"16":{"start":{"line":35,"column":4},"end":{"line":35,"column":49}},"17":{"start":{"line":40,"column":0},"end":{"line":62,"column":3}},"18":{"start":{"line":41,"column":2},"end":{"line":61,"column":3}},"19":{"start":{"line":42,"column":81},"end":{"line":42,"column":89}},"20":{"start":{"line":43,"column":4},"end":{"line":45,"column":5}},"21":{"start":{"line":44,"column":6},"end":{"line":44,"column":78}},"22":{"start":{"line":47,"column":20},"end":{"line":55,"column":6}},"23":{"start":{"line":57,"column":4},"end":{"line":57,"column":34}},"24":{"start":{"line":59,"column":4},"end":{"line":59,"column":54}},"25":{"start":{"line":60,"column":4},"end":{"line":60,"column":49}}},"fnMap":{"0":{"name":"(anonymous_0)","decl":{"start":{"line":8,"column":16},"end":{"line":8,"column":17}},"loc":{"start":{"line":8,"column":36},"end":{"line":23,"column":1}},"line":8},"1":{"name":"(anonymous_1)","decl":{"start":{"line":26,"column":19},"end":{"line":26,"column":20}},"loc":{"start":{"line":26,"column":39},"end":{"line":37,"column":1}},"line":26},"2":{"name":"(anonymous_2)","decl":{"start":{"line":40,"column":17},"end":{"line":40,"column":18}},"loc":{"start":{"line":40,"column":37},"end":{"line":62,"column":1}},"line":40}},"branchMap":{"0":{"loc":{"start":{"line":11,"column":19},"end":{"line":13,"column":10}},"type":"cond-expr","locations":[{"start":{"line":12,"column":8},"end":{"line":12,"column":46}},{"start":{"line":13,"column":8},"end":{"line":13,"column":10}}],"line":11},"1":{"loc":{"start":{"line":29,"column":4},"end":{"line":31,"column":5}},"type":"if","locations":[{"start":{"line":29,"column":4},"end":{"line":31,"column":5}},{"start":{},"end":{}}],"line":29},"2":{"loc":{"start":{"line":43,"column":4},"end":{"line":45,"column":5}},"type":"if","locations":[{"start":{"line":43,"column":4},"end":{"line":45,"column":5}},{"start":{},"end":{}}],"line":43},"3":{"loc":{"start":{"line":43,"column":8},"end":{"line":43,"column":25}},"type":"binary-expr","locations":[{"start":{"line":43,"column":8},"end":{"line":43,"column":13}},{"start":{"line":43,"column":17},"end":{"line":43,"column":25}}],"line":43}},"s":{"0":42,"1":42,"2":2,"3":2,"4":2,"5":2,"6":2,"7":0,"8":0,"9":42,"10":1,"11":1,"12":1,"13":1,"14":0,"15":0,"16":0,"17":42,"18":0,"19":0,"20":0,"21":0,"22":0,"23":0,"24":0,"25":0},"f":{"0":2,"1":1,"2":0},"b":{"0":[1,1],"1":[1,0],"2":[0,0],"3":[0,0]},"_coverageSchema":"1a1c01bbd47fc00a2c39e90264f33305004495a9","hash":"be40ad997f9638d7f7e9507fd601c6e8abfa4d98"}
,"/Users/smruthibt/Desktop/SE-sec2_g3/proj2/food-delivery/tests/frontend/_utils.js": {"path":"/Users/smruthibt/Desktop/SE-sec2_g3/proj2/food-delivery/tests/frontend/_utils.js","statementMap":{"0":{"start":{"line":8,"column":14},"end":{"line":8,"column":70}},"1":{"start":{"line":9,"column":15},"end":{"line":9,"column":43}},"2":{"start":{"line":10,"column":2},"end":{"line":10,"column":44}},"3":{"start":{"line":11,"column":2},"end":{"line":11,"column":13}},"4":{"start":{"line":15,"column":14},"end":{"line":15,"column":52}},"5":{"start":{"line":16,"column":2},"end":{"line":16,"column":68}},"6":{"start":{"line":20,"column":2},"end":{"line":25,"column":3}},"7":{"start":{"line":21,"column":16},"end":{"line":21,"column":54}},"8":{"start":{"line":22,"column":4},"end":{"line":22,"column":70}},"9":{"start":{"line":24,"column":4},"end":{"line":24,"column":16}},"10":{"start":{"line":29,"column":2},"end":{"line":29,"column":27}},"11":{"start":{"line":30,"column":2},"end":{"line":37,"column":3}},"12":{"start":{"line":31,"column":4},"end":{"line":36,"column":5}},"13":{"start":{"line":32,"column":6},"end":{"line":32,"column":37}},"14":{"start":{"line":34,"column":64},"end":{"line":34,"column":65}},"15":{"start":{"line":35,"column":6},"end":{"line":35,"column":74}},"16":{"start":{"line":35,"column":66},"end":{"line":35,"column":70}},"17":{"start":{"line":38,"column":2},"end":{"line":38,"column":15}},"18":{"start":{"line":42,"column":15},"end":{"line":42,"column":30}},"19":{"start":{"line":43,"column":17},"end":{"line":43,"column":26}},"20":{"start":{"line":45,"column":2},"end":{"line":45,"column":25}},"21":{"start":{"line":46,"column":2},"end":{"line":46,"column":40}},"22":{"start":{"line":47,"column":2},"end":{"line":50,"column":4}},"23":{"start":{"line":49,"column":16},"end":{"line":49,"column":39}},"24":{"start":{"line":53,"column":20},"end":{"line":53,"column":60}},"25":{"start":{"line":53,"column":26},"end":{"line":53,"column":60}},"26":{"start":{"line":53,"column":43},"end":{"line":53,"column":59}},"27":{"start":{"line":55,"column":2},"end":{"line":55,"column":31}},"28":{"start":{"line":56,"column":2},"end":{"line":56,"column":15}},"29":{"start":{"line":59,"column":2},"end":{"line":60,"column":75}},"30":{"start":{"line":59,"column":8},"end":{"line":59,"column":43}},"31":{"start":{"line":60,"column":10},"end":{"line":60,"column":60}},"32":{"start":{"line":60,"column":61},"end":{"line":60,"column":73}}},"fnMap":{"0":{"name":"loadHtml","decl":{"start":{"line":7,"column":16},"end":{"line":7,"column":24}},"loc":{"start":{"line":7,"column":44},"end":{"line":12,"column":1}},"line":7},"1":{"name":"importPage","decl":{"start":{"line":14,"column":22},"end":{"line":14,"column":32}},"loc":{"start":{"line":14,"column":44},"end":{"line":17,"column":1}},"line":14},"2":{"name":"importPageOptional","decl":{"start":{"line":19,"column":22},"end":{"line":19,"column":40}},"loc":{"start":{"line":19,"column":52},"end":{"line":26,"column":1}},"line":19},"3":{"name":"mockFetchSequence","decl":{"start":{"line":28,"column":16},"end":{"line":28,"column":33}},"loc":{"start":{"line":28,"column":48},"end":{"line":39,"column":1}},"line":28},"4":{"name":"(anonymous_4)","decl":{"start":{"line":35,"column":54},"end":{"line":35,"column":55}},"loc":{"start":{"line":35,"column":66},"end":{"line":35,"column":70}},"line":35},"5":{"name":"mockLocationAssign","decl":{"start":{"line":41,"column":16},"end":{"line":41,"column":34}},"loc":{"start":{"line":41,"column":37},"end":{"line":51,"column":1}},"line":41},"6":{"name":"(anonymous_6)","decl":{"start":{"line":49,"column":4},"end":{"line":49,"column":5}},"loc":{"start":{"line":49,"column":14},"end":{"line":49,"column":41}},"line":49},"7":{"name":"(anonymous_7)","decl":{"start":{"line":53,"column":20},"end":{"line":53,"column":21}},"loc":{"start":{"line":53,"column":26},"end":{"line":53,"column":60}},"line":53},"8":{"name":"(anonymous_8)","decl":{"start":{"line":53,"column":38},"end":{"line":53,"column":39}},"loc":{"start":{"line":53,"column":43},"end":{"line":53,"column":59}},"line":53},"9":{"name":"flushTimers","decl":{"start":{"line":54,"column":22},"end":{"line":54,"column":33}},"loc":{"start":{"line":54,"column":38},"end":{"line":57,"column":1}},"line":54},"10":{"name":"loadHtmlOr","decl":{"start":{"line":58,"column":16},"end":{"line":58,"column":26}},"loc":{"start":{"line":58,"column":60},"end":{"line":61,"column":1}},"line":58}},"branchMap":{"0":{"loc":{"start":{"line":31,"column":4},"end":{"line":36,"column":5}},"type":"if","locations":[{"start":{"line":31,"column":4},"end":{"line":36,"column":5}},{"start":{"line":33,"column":11},"end":{"line":36,"column":5}}],"line":31},"1":{"loc":{"start":{"line":34,"column":14},"end":{"line":34,"column":23}},"type":"default-arg","locations":[{"start":{"line":34,"column":19},"end":{"line":34,"column":23}}],"line":34},"2":{"loc":{"start":{"line":34,"column":25},"end":{"line":34,"column":48}},"type":"default-arg","locations":[{"start":{"line":34,"column":34},"end":{"line":34,"column":48}}],"line":34},"3":{"loc":{"start":{"line":34,"column":34},"end":{"line":34,"column":48}},"type":"cond-expr","locations":[{"start":{"line":34,"column":39},"end":{"line":34,"column":42}},{"start":{"line":34,"column":45},"end":{"line":34,"column":48}}],"line":34},"4":{"loc":{"start":{"line":34,"column":50},"end":{"line":34,"column":59}},"type":"default-arg","locations":[{"start":{"line":34,"column":57},"end":{"line":34,"column":59}}],"line":34}},"s":{"0":2,"1":2,"2":2,"3":2,"4":1,"5":1,"6":0,"7":0,"8":0,"9":0,"10":1,"11":1,"12":2,"13":0,"14":2,"15":2,"16":1,"17":1,"18":1,"19":1,"20":1,"21":1,"22":1,"23":1,"24":1,"25":1,"26":1,"27":0,"28":0,"29":0,"30":0,"31":0,"32":0},"f":{"0":2,"1":1,"2":0,"3":1,"4":1,"5":1,"6":1,"7":1,"8":1,"9":0,"10":0},"b":{"0":[0,2],"1":[0],"2":[2],"3":[2,0],"4":[0]},"_coverageSchema":"1a1c01bbd47fc00a2c39e90264f33305004495a9","hash":"4e8e7a5608ddfe2c5c01d25a0eacd6d3748e7789"}
,"/Users/smruthibt/Desktop/SE-sec2_g3/proj2/food-delivery/tests/helpers/testUtils.js": {"path":"/Users/smruthibt/Desktop/SE-sec2_g3/proj2/food-delivery/tests/helpers/testUtils.js","statementMap":{"0":{"start":{"line":6,"column":18},"end":{"line":6,"column":22}},"1":{"start":{"line":7,"column":15},"end":{"line":7,"column":19}},"2":{"start":{"line":10,"column":2},"end":{"line":10,"column":49}},"3":{"start":{"line":11,"column":14},"end":{"line":11,"column":34}},"4":{"start":{"line":14,"column":2},"end":{"line":14,"column":30}},"5":{"start":{"line":16,"column":27},"end":{"line":16,"column":58}},"6":{"start":{"line":18,"column":2},"end":{"line":18,"column":17}},"7":{"start":{"line":21,"column":16},"end":{"line":21,"column":34}},"8":{"start":{"line":23,"column":2},"end":{"line":23,"column":24}},"9":{"start":{"line":26,"column":2},"end":{"line":26,"column":71}},"10":{"start":{"line":26,"column":17},"end":{"line":26,"column":71}},"11":{"start":{"line":27,"column":2},"end":{"line":27,"column":18}},"12":{"start":{"line":31,"column":2},"end":{"line":31,"column":73}},"13":{"start":{"line":31,"column":17},"end":{"line":31,"column":73}},"14":{"start":{"line":32,"column":2},"end":{"line":32,"column":33}},"15":{"start":{"line":38,"column":2},"end":{"line":43,"column":3}},"16":{"start":{"line":40,"column":4},"end":{"line":42,"column":5}},"17":{"start":{"line":41,"column":6},"end":{"line":41,"column":64}},"18":{"start":{"line":41,"column":12},"end":{"line":41,"column":53}},"19":{"start":{"line":44,"column":2},"end":{"line":44,"column":30}},"20":{"start":{"line":46,"column":2},"end":{"line":49,"column":3}},"21":{"start":{"line":47,"column":4},"end":{"line":47,"column":29}},"22":{"start":{"line":48,"column":4},"end":{"line":48,"column":23}},"23":{"start":{"line":51,"column":2},"end":{"line":51,"column":18}},"24":{"start":{"line":55,"column":16},"end":{"line":55,"column":64}},"25":{"start":{"line":56,"column":19},"end":{"line":56,"column":52}},"26":{"start":{"line":57,"column":18},"end":{"line":57,"column":69}},"27":{"start":{"line":59,"column":2},"end":{"line":67,"column":17}},"28":{"start":{"line":69,"column":2},"end":{"line":72,"column":17}},"29":{"start":{"line":74,"column":19},"end":{"line":74,"column":74}},"30":{"start":{"line":75,"column":2},"end":{"line":75,"column":39}},"31":{"start":{"line":80,"column":21},"end":{"line":80,"column":49}},"32":{"start":{"line":81,"column":2},"end":{"line":86,"column":5}},"33":{"start":{"line":91,"column":16},"end":{"line":91,"column":64}},"34":{"start":{"line":92,"column":19},"end":{"line":92,"column":52}},"35":{"start":{"line":94,"column":2},"end":{"line":103,"column":17}},"36":{"start":{"line":105,"column":2},"end":{"line":108,"column":17}},"37":{"start":{"line":110,"column":16},"end":{"line":110,"column":70}},"38":{"start":{"line":111,"column":23},"end":{"line":111,"column":46}},"39":{"start":{"line":113,"column":2},"end":{"line":117,"column":4}}},"fnMap":{"0":{"name":"setupTestDB","decl":{"start":{"line":9,"column":22},"end":{"line":9,"column":33}},"loc":{"start":{"line":9,"column":36},"end":{"line":24,"column":1}},"line":9},"1":{"name":"getApp","decl":{"start":{"line":25,"column":16},"end":{"line":25,"column":22}},"loc":{"start":{"line":25,"column":25},"end":{"line":28,"column":1}},"line":25},"2":{"name":"newAgent","decl":{"start":{"line":30,"column":16},"end":{"line":30,"column":24}},"loc":{"start":{"line":30,"column":27},"end":{"line":33,"column":1}},"line":30},"3":{"name":"closeTestDB","decl":{"start":{"line":36,"column":22},"end":{"line":36,"column":33}},"loc":{"start":{"line":36,"column":36},"end":{"line":52,"column":1}},"line":36},"4":{"name":"registerAndLoginCustomer","decl":{"start":{"line":54,"column":22},"end":{"line":54,"column":46}},"loc":{"start":{"line":54,"column":70},"end":{"line":76,"column":1}},"line":54},"5":{"name":"createRestaurant","decl":{"start":{"line":79,"column":22},"end":{"line":79,"column":38}},"loc":{"start":{"line":79,"column":50},"end":{"line":87,"column":1}},"line":79},"6":{"name":"registerAndLoginRestaurant","decl":{"start":{"line":90,"column":22},"end":{"line":90,"column":48}},"loc":{"start":{"line":90,"column":72},"end":{"line":118,"column":1}},"line":90}},"branchMap":{"0":{"loc":{"start":{"line":26,"column":2},"end":{"line":26,"column":71}},"type":"if","locations":[{"start":{"line":26,"column":2},"end":{"line":26,"column":71}},{"start":{},"end":{}}],"line":26},"1":{"loc":{"start":{"line":31,"column":2},"end":{"line":31,"column":73}},"type":"if","locations":[{"start":{"line":31,"column":2},"end":{"line":31,"column":73}},{"start":{},"end":{}}],"line":31},"2":{"loc":{"start":{"line":38,"column":2},"end":{"line":43,"column":3}},"type":"if","locations":[{"start":{"line":38,"column":2},"end":{"line":43,"column":3}},{"start":{},"end":{}}],"line":38},"3":{"loc":{"start":{"line":40,"column":4},"end":{"line":42,"column":5}},"type":"if","locations":[{"start":{"line":40,"column":4},"end":{"line":42,"column":5}},{"start":{},"end":{}}],"line":40},"4":{"loc":{"start":{"line":46,"column":2},"end":{"line":49,"column":3}},"type":"if","locations":[{"start":{"line":46,"column":2},"end":{"line":49,"column":3}},{"start":{},"end":{}}],"line":46},"5":{"loc":{"start":{"line":54,"column":54},"end":{"line":54,"column":68}},"type":"default-arg","locations":[{"start":{"line":54,"column":66},"end":{"line":54,"column":68}}],"line":54},"6":{"loc":{"start":{"line":55,"column":16},"end":{"line":55,"column":64}},"type":"binary-expr","locations":[{"start":{"line":55,"column":16},"end":{"line":55,"column":31}},{"start":{"line":55,"column":35},"end":{"line":55,"column":64}}],"line":55},"7":{"loc":{"start":{"line":56,"column":19},"end":{"line":56,"column":52}},"type":"binary-expr","locations":[{"start":{"line":56,"column":19},"end":{"line":56,"column":37}},{"start":{"line":56,"column":41},"end":{"line":56,"column":52}}],"line":56},"8":{"loc":{"start":{"line":57,"column":18},"end":{"line":57,"column":69}},"type":"binary-expr","locations":[{"start":{"line":57,"column":18},"end":{"line":57,"column":35}},{"start":{"line":57,"column":39},"end":{"line":57,"column":69}}],"line":57},"9":{"loc":{"start":{"line":62,"column":12},"end":{"line":62,"column":41}},"type":"binary-expr","locations":[{"start":{"line":62,"column":12},"end":{"line":62,"column":26}},{"start":{"line":62,"column":30},"end":{"line":62,"column":41}}],"line":62},"10":{"loc":{"start":{"line":79,"column":39},"end":{"line":79,"column":48}},"type":"default-arg","locations":[{"start":{"line":79,"column":46},"end":{"line":79,"column":48}}],"line":79},"11":{"loc":{"start":{"line":82,"column":10},"end":{"line":82,"column":35}},"type":"binary-expr","locations":[{"start":{"line":82,"column":10},"end":{"line":82,"column":19}},{"start":{"line":82,"column":23},"end":{"line":82,"column":35}}],"line":82},"12":{"loc":{"start":{"line":83,"column":13},"end":{"line":83,"column":38}},"type":"binary-expr","locations":[{"start":{"line":83,"column":13},"end":{"line":83,"column":25}},{"start":{"line":83,"column":29},"end":{"line":83,"column":38}}],"line":83},"13":{"loc":{"start":{"line":84,"column":17},"end":{"line":84,"column":41}},"type":"binary-expr","locations":[{"start":{"line":84,"column":17},"end":{"line":84,"column":33}},{"start":{"line":84,"column":37},"end":{"line":84,"column":41}}],"line":84},"14":{"loc":{"start":{"line":85,"column":13},"end":{"line":85,"column":58}},"type":"binary-expr","locations":[{"start":{"line":85,"column":13},"end":{"line":85,"column":25}},{"start":{"line":85,"column":29},"end":{"line":85,"column":58}}],"line":85},"15":{"loc":{"start":{"line":90,"column":56},"end":{"line":90,"column":70}},"type":"default-arg","locations":[{"start":{"line":90,"column":68},"end":{"line":90,"column":70}}],"line":90},"16":{"loc":{"start":{"line":91,"column":16},"end":{"line":91,"column":64}},"type":"binary-expr","locations":[{"start":{"line":91,"column":16},"end":{"line":91,"column":31}},{"start":{"line":91,"column":35},"end":{"line":91,"column":64}}],"line":91},"17":{"loc":{"start":{"line":92,"column":19},"end":{"line":92,"column":52}},"type":"binary-expr","locations":[{"start":{"line":92,"column":19},"end":{"line":92,"column":37}},{"start":{"line":92,"column":41},"end":{"line":92,"column":52}}],"line":92},"18":{"loc":{"start":{"line":97,"column":12},"end":{"line":97,"column":43}},"type":"binary-expr","locations":[{"start":{"line":97,"column":12},"end":{"line":97,"column":26}},{"start":{"line":97,"column":30},"end":{"line":97,"column":43}}],"line":97},"19":{"loc":{"start":{"line":100,"column":15},"end":{"line":100,"column":45}},"type":"binary-expr","locations":[{"start":{"line":100,"column":15},"end":{"line":100,"column":32}},{"start":{"line":100,"column":36},"end":{"line":100,"column":45}}],"line":100},"20":{"loc":{"start":{"line":101,"column":15},"end":{"line":101,"column":65}},"type":"binary-expr","locations":[{"start":{"line":101,"column":15},"end":{"line":101,"column":32}},{"start":{"line":101,"column":36},"end":{"line":101,"column":65}}],"line":101},"21":{"loc":{"start":{"line":114,"column":24},"end":{"line":114,"column":55}},"type":"binary-expr","locations":[{"start":{"line":114,"column":24},"end":{"line":114,"column":38}},{"start":{"line":114,"column":42},"end":{"line":114,"column":55}}],"line":114}},"s":{"0":37,"1":37,"2":37,"3":37,"4":37,"5":37,"6":37,"7":37,"8":37,"9":0,"10":0,"11":0,"12":34,"13":0,"14":34,"15":37,"16":37,"17":37,"18":37,"19":37,"20":37,"21":37,"22":37,"23":37,"24":39,"25":39,"26":39,"27":39,"28":39,"29":39,"30":39,"31":23,"32":23,"33":18,"34":18,"35":18,"36":18,"37":18,"38":18,"39":18},"f":{"0":37,"1":0,"2":34,"3":37,"4":39,"5":23,"6":18},"b":{"0":[0,0],"1":[0,34],"2":[37,0],"3":[37,0],"4":[37,0],"5":[31],"6":[39,31],"7":[39,33],"8":[39,36],"9":[39,36],"10":[18],"11":[23,22],"12":[23,23],"13":[23,23],"14":[23,23],"15":[14],"16":[18,18],"17":[18,18],"18":[18,14],"19":[18,15],"20":[18,18],"21":[18,14]},"_coverageSchema":"1a1c01bbd47fc00a2c39e90264f33305004495a9","hash":"b5f6a178cabcb718e519ce767bd8b535e4e86389"}
}
