TN:
SF:server.js
FN:91,(anonymous_0)
FN:92,(anonymous_1)
FN:155,(anonymous_2)
FN:162,(anonymous_3)
FN:173,(anonymous_4)
FNF:5
FNH:1
FNDA:0,(anonymous_0)
FNDA:0,(anonymous_1)
FNDA:10,(anonymous_2)
FNDA:0,(anonymous_3)
FNDA:0,(anonymous_4)
DA:17,40
DA:22,40
DA:23,40
DA:24,40
DA:26,40
DA:27,40
DA:28,40
DA:29,40
DA:32,40
DA:33,0
DA:34,0
DA:40,40
DA:41,40
DA:43,40
DA:53,40
DA:76,40
DA:77,40
DA:79,40
DA:80,40
DA:81,40
DA:86,40
DA:88,40
DA:89,0
DA:91,0
DA:93,0
DA:94,0
DA:121,40
DA:122,40
DA:123,40
DA:124,40
DA:126,40
DA:127,40
DA:128,40
DA:129,40
DA:131,40
DA:132,40
DA:133,40
DA:134,40
DA:135,40
DA:136,40
DA:137,40
DA:140,40
DA:141,40
DA:142,40
DA:143,40
DA:144,40
DA:145,40
DA:150,40
DA:155,40
DA:156,10
DA:162,40
DA:163,0
DA:170,40
DA:172,40
DA:173,0
DA:174,0
LF:56
LH:47
BRDA:28,0,0,40
BRDA:28,0,1,0
BRDA:29,1,0,40
BRDA:29,1,1,0
BRDA:32,2,0,0
BRDA:32,2,1,40
BRDA:32,3,0,40
BRDA:32,3,1,0
BRDA:58,4,0,40
BRDA:58,4,1,0
BRDA:80,5,0,0
BRDA:80,5,1,40
BRDA:88,6,0,0
BRDA:88,6,1,40
BRDA:170,7,0,40
BRDA:170,7,1,40
BRDA:172,8,0,0
BRDA:172,8,1,40
BRF:18
BRH:10
end_of_record
TN:
SF:config\rewards.js
FNF:0
FNH:0
DA:2,40
LF:1
LH:1
BRF:0
BRH:0
end_of_record
TN:
SF:models\CartItem.js
FNF:0
FNH:0
DA:3,40
LF:1
LH:1
BRF:0
BRH:0
end_of_record
TN:
SF:models\ChallengeSession.js
FNF:0
FNH:0
DA:3,40
LF:1
LH:1
BRF:0
BRH:0
end_of_record
TN:
SF:models\Coupon.js
FNF:0
FNH:0
DA:3,40
LF:1
LH:1
BRF:0
BRH:0
end_of_record
TN:
SF:models\CustomerAuth.js
FNF:0
FNH:0
DA:2,40
LF:1
LH:1
BRF:0
BRH:0
end_of_record
TN:
SF:models\Driver.js
FNF:0
FNH:0
DA:4,40
LF:1
LH:1
BRF:0
BRH:0
end_of_record
TN:
SF:models\DriverAuth.js
FNF:0
FNH:0
DA:4,40
LF:1
LH:1
BRF:0
BRH:0
end_of_record
TN:
SF:models\MenuItem.js
FNF:0
FNH:0
DA:3,40
LF:1
LH:1
BRF:0
BRH:0
end_of_record
TN:
SF:models\Order.js
FNF:0
FNH:0
DA:5,40
DA:12,40
LF:2
LH:2
BRF:0
BRH:0
end_of_record
TN:
SF:models\Restaurant.js
FNF:0
FNH:0
DA:3,40
LF:1
LH:1
BRF:0
BRH:0
end_of_record
TN:
SF:models\RestaurantAdmin.js
FNF:0
FNH:0
DA:2,40
LF:1
LH:1
BRF:0
BRH:0
end_of_record
TN:
SF:models\Supermarket.js
FNF:0
FNH:0
DA:3,40
LF:1
LH:1
BRF:0
BRH:0
end_of_record
TN:
SF:models\SupermarketItem.js
FNF:0
FNH:0
DA:4,40
LF:1
LH:1
BRF:0
BRH:0
end_of_record
TN:
SF:public\js\app.js
FN:1,showToast
FN:17,(anonymous_1)
FNF:2
FNH:2
FNDA:3,showToast
FNDA:1,(anonymous_1)
DA:2,3
DA:3,3
DA:4,1
DA:5,1
DA:6,1
DA:7,1
DA:8,1
DA:9,1
DA:10,1
DA:12,3
DA:13,3
DA:14,3
DA:15,3
DA:16,3
DA:17,3
DA:19,1
LF:16
LH:16
BRDA:1,0,0,2
BRDA:3,1,0,1
BRDA:3,1,1,2
BRDA:13,2,0,1
BRDA:13,2,1,2
BRDA:19,3,0,1
BRDA:19,3,1,0
BRDA:19,4,0,1
BRDA:19,4,1,1
BRF:9
BRH:8
end_of_record
TN:
SF:public\js\cart.js
FN:3,addItem
FN:4,(anonymous_1)
FN:5,(anonymous_2)
FN:11,removeItem
FN:12,(anonymous_4)
FN:13,(anonymous_5)
FN:21,setQty
FN:22,(anonymous_7)
FN:23,(anonymous_8)
FN:25,(anonymous_9)
FN:30,totalAmount
FN:31,(anonymous_11)
FN:35,applyCoupon
FN:45,findItem
FN:46,(anonymous_14)
FNF:15
FNH:15
FNDA:6,addItem
FNDA:4,(anonymous_1)
FNDA:4,(anonymous_2)
FNDA:2,removeItem
FNDA:2,(anonymous_4)
FNDA:2,(anonymous_5)
FNDA:2,setQty
FNDA:4,(anonymous_7)
FNDA:3,(anonymous_8)
FNDA:2,(anonymous_9)
FNDA:2,totalAmount
FNDA:4,(anonymous_11)
FNDA:5,applyCoupon
FNDA:2,findItem
FNDA:2,(anonymous_14)
DA:4,6
DA:5,6
DA:6,6
DA:7,4
DA:8,6
DA:12,2
DA:13,2
DA:14,2
DA:15,2
DA:16,2
DA:18,2
DA:22,4
DA:23,3
DA:24,2
DA:25,2
DA:26,1
DA:27,1
DA:31,4
DA:36,5
DA:37,5
DA:38,5
DA:39,5
DA:40,5
DA:42,5
DA:46,2
LF:25
LH:25
BRDA:6,0,0,2
BRDA:6,0,1,4
BRDA:14,1,0,2
BRDA:14,1,1,0
BRDA:16,2,0,1
BRDA:16,2,1,1
BRDA:24,3,0,0
BRDA:24,3,1,2
BRDA:25,4,0,1
BRDA:25,4,1,1
BRDA:36,5,0,0
BRDA:36,5,1,5
BRDA:39,6,0,2
BRDA:39,6,1,3
BRDA:40,7,0,3
BRDA:40,7,1,2
BRDA:46,8,0,2
BRDA:46,8,1,1
BRF:18
BRH:15
end_of_record
TN:
SF:public\js\customer.js
FN:3,fetchRestaurants
FN:10,renderRestaurants
FN:34,initCustomerPage
FNF:3
FNH:3
FNDA:1,fetchRestaurants
FNDA:2,renderRestaurants
FNDA:1,initCustomerPage
DA:4,1
DA:5,1
DA:6,1
DA:7,1
DA:12,2
DA:15,2
DA:17,2
DA:18,2
DA:19,1
DA:20,1
DA:21,1
DA:22,1
DA:23,1
DA:26,1
DA:27,2
DA:28,2
DA:29,2
DA:30,2
DA:35,1
DA:36,1
DA:37,1
DA:39,0
DA:44,1
DA:45,1
DA:46,1
LF:25
LH:24
BRDA:5,0,0,0
BRDA:5,0,1,1
BRDA:7,1,0,1
BRDA:7,1,1,0
BRDA:12,2,0,2
BRDA:12,2,1,1
BRDA:17,3,0,2
BRDA:17,3,1,2
BRDA:17,3,2,0
BRDA:18,4,0,1
BRDA:18,4,1,1
BRDA:29,5,0,2
BRDA:29,5,1,0
BRDA:44,6,0,1
BRDA:44,6,1,0
BRDA:45,7,0,1
BRDA:45,7,1,1
BRDA:46,8,0,1
BRDA:46,8,1,1
BRF:19
BRH:14
end_of_record
TN:
SF:public\js\validation.js
FN:4,validatePassword
FN:12,validateEmail
FN:19,sanitizeText
FN:25,isNonEmpty
FNF:4
FNH:4
FNDA:8,validatePassword
FNDA:5,validateEmail
FNDA:1,sanitizeText
FNDA:2,isNonEmpty
DA:5,8
DA:6,5
DA:7,5
DA:8,4
DA:9,3
DA:13,5
DA:15,5
DA:16,5
DA:20,1
DA:22,1
DA:26,2
LF:11
LH:11
BRDA:5,0,0,3
BRDA:5,0,1,5
BRDA:5,1,0,8
BRDA:5,1,1,8
BRDA:6,2,0,0
BRDA:6,2,1,5
BRDA:7,3,0,1
BRDA:7,3,1,4
BRDA:8,4,0,1
BRDA:8,4,1,3
BRDA:13,5,0,0
BRDA:13,5,1,5
BRDA:20,6,0,0
BRDA:20,6,1,1
BRDA:26,7,0,2
BRDA:26,7,1,2
BRF:16
BRH:13
end_of_record
TN:
SF:routes\SupermarketAuth.js
FN:6,(anonymous_0)
FN:9,(anonymous_1)
FN:38,(anonymous_2)
FN:65,(anonymous_3)
FN:86,(anonymous_4)
FN:112,(anonymous_5)
FN:125,(anonymous_6)
FN:126,(anonymous_7)
FNF:8
FNH:6
FNDA:22,(anonymous_0)
FNDA:11,(anonymous_1)
FNDA:11,(anonymous_2)
FNDA:11,(anonymous_3)
FNDA:11,(anonymous_4)
FNDA:11,(anonymous_5)
FNDA:0,(anonymous_6)
FNDA:0,(anonymous_7)
DA:5,40
DA:6,40
DA:9,40
DA:10,11
DA:11,11
DA:12,11
DA:13,0
DA:18,11
DA:20,11
DA:21,11
DA:22,0
DA:25,11
DA:27,11
DA:38,11
DA:39,11
DA:40,0
DA:41,0
DA:44,11
DA:45,11
DA:47,11
DA:59,0
DA:60,0
DA:65,40
DA:66,11
DA:67,11
DA:68,11
DA:70,11
DA:71,0
DA:76,11
DA:77,11
DA:78,0
DA:81,11
DA:82,11
DA:83,0
DA:86,11
DA:87,11
DA:88,0
DA:89,0
DA:92,11
DA:93,11
DA:95,11
DA:106,0
DA:107,0
DA:112,40
DA:113,11
DA:114,0
DA:117,11
DA:125,40
DA:126,0
DA:127,0
LF:50
LH:34
BRDA:6,0,0,0
BRDA:11,1,0,11
BRDA:11,1,1,0
BRDA:12,2,0,0
BRDA:12,2,1,11
BRDA:12,3,0,11
BRDA:12,3,1,11
BRDA:12,3,2,11
BRDA:12,3,3,11
BRDA:21,4,0,0
BRDA:21,4,1,11
BRDA:29,5,0,11
BRDA:29,5,1,0
BRDA:39,6,0,0
BRDA:39,6,1,11
BRDA:68,7,0,11
BRDA:68,7,1,0
BRDA:70,8,0,0
BRDA:70,8,1,11
BRDA:70,9,0,11
BRDA:70,9,1,11
BRDA:77,10,0,0
BRDA:77,10,1,11
BRDA:82,11,0,0
BRDA:82,11,1,11
BRDA:87,12,0,0
BRDA:87,12,1,11
BRDA:113,13,0,0
BRDA:113,13,1,11
BRF:29
BRH:17
end_of_record
TN:
SF:routes\cart.js
FN:9,(anonymous_0)
FN:26,(anonymous_1)
FN:91,(anonymous_2)
FN:173,(anonymous_3)
FN:199,(anonymous_4)
FN:212,(anonymous_5)
FNF:6
FNH:6
FNDA:4,(anonymous_0)
FNDA:2,(anonymous_1)
FNDA:7,(anonymous_2)
FNDA:2,(anonymous_3)
FNDA:2,(anonymous_4)
FNDA:1,(anonymous_5)
DA:6,40
DA:9,40
DA:10,4
DA:11,4
DA:12,4
DA:15,3
DA:26,3
DA:27,2
DA:29,2
DA:30,0
DA:31,0
DA:33,0
DA:54,2
DA:55,2
DA:57,2
DA:79,3
DA:81,0
DA:82,0
DA:91,40
DA:92,7
DA:93,7
DA:94,7
DA:95,1
DA:105,6
DA:107,6
DA:110,6
DA:111,0
DA:112,0
DA:117,0
DA:118,0
DA:119,0
DA:122,0
DA:136,0
DA:140,6
DA:141,0
DA:146,6
DA:147,6
DA:148,0
DA:151,6
DA:165,6
DA:167,0
DA:168,0
DA:173,40
DA:174,2
DA:175,2
DA:176,2
DA:178,1
DA:179,1
DA:181,1
DA:182,0
DA:183,0
DA:186,1
DA:192,1
DA:194,0
DA:199,40
DA:200,2
DA:201,2
DA:202,2
DA:204,1
DA:205,1
DA:207,0
DA:212,40
DA:213,1
DA:214,1
DA:215,1
DA:217,0
DA:218,0
DA:220,0
LF:68
LH:45
BRDA:12,0,0,1
BRDA:12,0,1,3
BRDA:27,1,0,2
BRDA:27,1,1,0
BRDA:29,2,0,0
BRDA:29,2,1,2
BRDA:30,3,0,0
BRDA:30,3,1,0
BRDA:31,4,0,0
BRDA:31,4,1,0
BRDA:39,5,0,0
BRDA:39,5,1,0
BRDA:40,6,0,0
BRDA:40,6,1,0
BRDA:41,7,0,0
BRDA:41,7,1,0
BRDA:42,8,0,0
BRDA:42,8,1,0
BRDA:46,9,0,0
BRDA:46,9,1,0
BRDA:47,10,0,0
BRDA:47,10,1,0
BRDA:48,11,0,0
BRDA:48,11,1,0
BRDA:54,12,0,2
BRDA:54,12,1,0
BRDA:55,13,0,2
BRDA:55,13,1,0
BRDA:63,14,0,2
BRDA:63,14,1,0
BRDA:64,15,0,2
BRDA:64,15,1,0
BRDA:65,16,0,2
BRDA:65,16,1,2
BRDA:66,17,0,2
BRDA:66,17,1,0
BRDA:69,18,0,2
BRDA:69,18,1,0
BRDA:70,19,0,2
BRDA:70,19,1,0
BRDA:71,20,0,2
BRDA:71,20,1,0
BRDA:94,21,0,1
BRDA:94,21,1,6
BRDA:101,22,0,0
BRDA:107,23,0,6
BRDA:107,23,1,0
BRDA:110,24,0,0
BRDA:110,24,1,6
BRDA:111,25,0,0
BRDA:111,25,1,0
BRDA:111,26,0,0
BRDA:111,26,1,0
BRDA:118,27,0,0
BRDA:118,27,1,0
BRDA:140,28,0,0
BRDA:140,28,1,6
BRDA:140,29,0,6
BRDA:140,29,1,6
BRDA:147,30,0,0
BRDA:147,30,1,6
BRDA:176,31,0,1
BRDA:176,31,1,1
BRDA:179,32,0,0
BRDA:179,32,1,1
BRDA:181,33,0,0
BRDA:181,33,1,1
BRDA:202,34,0,1
BRDA:202,34,1,1
BRDA:215,35,0,1
BRDA:215,35,1,0
BRF:71
BRH:29
end_of_record
TN:
SF:routes\challenges.js
FN:13,(anonymous_0)
FN:44,(anonymous_1)
FN:81,(anonymous_2)
FN:119,(anonymous_3)
FN:158,(anonymous_4)
FNF:5
FNH:4
FNDA:3,(anonymous_0)
FNDA:1,(anonymous_1)
FNDA:1,(anonymous_2)
FNDA:1,(anonymous_3)
FNDA:0,(anonymous_4)
DA:8,40
DA:9,40
DA:10,40
DA:13,40
DA:14,3
DA:15,3
DA:16,3
DA:17,3
DA:18,2
DA:20,1
DA:21,1
DA:23,1
DA:34,1
DA:35,1
DA:37,0
DA:38,0
DA:44,40
DA:45,1
DA:46,1
DA:47,1
DA:49,1
DA:50,1
DA:51,1
DA:54,1
DA:55,1
DA:56,0
DA:57,0
DA:58,0
DA:59,0
DA:61,0
DA:64,1
DA:65,0
DA:67,1
DA:74,0
DA:75,0
DA:81,40
DA:82,1
DA:83,1
DA:84,1
DA:86,1
DA:87,1
DA:88,1
DA:89,1
DA:90,0
DA:92,1
DA:93,1
DA:95,1
DA:103,1
DA:104,1
DA:107,1
DA:111,1
DA:113,0
DA:114,0
DA:119,40
DA:120,1
DA:121,1
DA:122,1
DA:124,1
DA:125,1
DA:126,1
DA:129,1
DA:132,1
DA:135,1
DA:136,1
DA:137,0
DA:138,0
DA:139,0
DA:141,0
DA:145,0
DA:149,1
DA:151,0
DA:152,0
DA:158,40
DA:159,0
DA:160,0
DA:161,0
DA:163,0
DA:164,0
DA:165,0
DA:167,0
DA:168,0
DA:171,0
DA:175,0
DA:177,0
DA:178,0
LF:85
LH:53
BRDA:9,0,0,40
BRDA:9,0,1,40
BRDA:10,1,0,40
BRDA:10,1,1,40
BRDA:16,2,0,2
BRDA:16,3,0,3
BRDA:16,3,1,0
BRDA:17,4,0,1
BRDA:17,4,1,2
BRDA:18,5,0,1
BRDA:18,5,1,1
BRDA:47,6,0,0
BRDA:47,6,1,1
BRDA:51,7,0,0
BRDA:51,7,1,1
BRDA:55,8,0,0
BRDA:55,8,1,1
BRDA:56,9,0,0
BRDA:56,9,1,0
BRDA:64,10,0,0
BRDA:64,10,1,1
BRDA:64,11,0,1
BRDA:64,11,1,1
BRDA:74,12,0,0
BRDA:74,12,1,0
BRDA:84,13,0,0
BRDA:84,13,1,1
BRDA:88,14,0,0
BRDA:88,14,1,1
BRDA:89,15,0,0
BRDA:89,15,1,1
BRDA:89,16,0,1
BRDA:89,16,1,1
BRDA:92,17,0,1
BRDA:92,17,1,0
BRDA:113,18,0,0
BRDA:113,18,1,0
BRDA:121,19,0,1
BRDA:121,19,1,0
BRDA:122,20,0,0
BRDA:122,20,1,1
BRDA:126,21,0,0
BRDA:126,21,1,1
BRDA:129,22,0,0
BRDA:129,22,1,1
BRDA:132,23,0,0
BRDA:132,23,1,1
BRDA:136,24,0,0
BRDA:136,24,1,1
BRDA:151,25,0,0
BRDA:151,25,1,0
BRDA:160,26,0,0
BRDA:160,26,1,0
BRDA:161,27,0,0
BRDA:161,27,1,0
BRDA:165,28,0,0
BRDA:165,28,1,0
BRDA:177,29,0,0
BRDA:177,29,1,0
BRF:59
BRH:28
end_of_record
TN:
SF:routes\chessChallenges.js
FN:15,generateCouponCode
FN:21,(anonymous_1)
FNF:2
FNH:2
FNDA:1,generateCouponCode
FNDA:4,(anonymous_1)
DA:6,40
DA:8,40
DA:16,1
DA:17,1
DA:21,40
DA:23,4
DA:24,4
DA:25,4
DA:26,1
DA:29,3
DA:30,3
DA:31,1
DA:34,2
DA:35,2
DA:36,2
DA:37,0
DA:41,2
DA:42,2
DA:43,0
DA:47,2
DA:48,0
DA:52,2
DA:53,0
DA:57,2
DA:58,1
DA:59,1
DA:60,1
DA:61,1
DA:62,1
DA:66,1
DA:67,1
DA:68,1
DA:70,1
DA:72,1
DA:74,1
DA:84,1
DA:85,1
DA:86,1
DA:87,1
DA:89,1
DA:95,0
DA:96,0
LF:42
LH:36
BRDA:15,0,0,0
BRDA:25,1,0,1
BRDA:25,1,1,3
BRDA:29,2,0,3
BRDA:29,2,1,0
BRDA:30,3,0,1
BRDA:30,3,1,2
BRDA:30,4,0,3
BRDA:30,4,1,2
BRDA:36,5,0,0
BRDA:36,5,1,2
BRDA:42,6,0,0
BRDA:42,6,1,2
BRDA:47,7,0,0
BRDA:47,7,1,2
BRDA:52,8,0,0
BRDA:52,8,1,2
BRDA:57,9,0,1
BRDA:57,9,1,1
BRF:19
BRH:13
end_of_record
TN:
SF:routes\coupons.js
FN:7,(anonymous_0)
FN:20,(anonymous_1)
FNF:2
FNH:2
FNDA:2,(anonymous_0)
FNDA:6,(anonymous_1)
DA:4,40
DA:7,40
DA:8,2
DA:9,2
DA:11,1
DA:17,1
DA:20,40
DA:21,6
DA:22,6
DA:23,6
DA:25,5
DA:26,5
DA:28,4
DA:35,4
DA:36,1
DA:38,0
LF:16
LH:15
BRDA:9,0,0,1
BRDA:9,0,1,1
BRDA:23,1,0,1
BRDA:23,1,1,5
BRDA:25,2,0,5
BRDA:25,2,1,0
BRDA:26,3,0,1
BRDA:26,3,1,4
BRDA:35,4,0,3
BRDA:35,4,1,1
BRF:10
BRH:9
end_of_record
TN:
SF:routes\customerAuth.js
FN:8,(anonymous_0)
FN:47,(anonymous_1)
FN:72,(anonymous_2)
FN:85,(anonymous_3)
FN:86,(anonymous_4)
FNF:5
FNH:5
FNDA:34,(anonymous_0)
FNDA:27,(anonymous_1)
FNDA:17,(anonymous_2)
FNDA:3,(anonymous_3)
FNDA:3,(anonymous_4)
DA:5,40
DA:8,40
DA:9,34
DA:10,34
DA:11,34
DA:12,1
DA:14,33
DA:15,33
DA:17,32
DA:18,32
DA:29,32
DA:30,32
DA:32,32
DA:42,0
DA:47,40
DA:48,27
DA:49,27
DA:50,27
DA:51,0
DA:53,27
DA:54,27
DA:56,27
DA:57,27
DA:59,26
DA:60,26
DA:62,26
DA:67,0
DA:72,40
DA:73,17
DA:74,3
DA:76,14
DA:85,40
DA:86,3
DA:87,3
LF:34
LH:31
BRDA:11,0,0,1
BRDA:11,0,1,33
BRDA:11,1,0,34
BRDA:11,1,1,34
BRDA:11,1,2,33
BRDA:11,1,3,33
BRDA:15,2,0,1
BRDA:15,2,1,32
BRDA:50,3,0,0
BRDA:50,3,1,27
BRDA:50,4,0,27
BRDA:50,4,1,27
BRDA:54,5,0,0
BRDA:54,5,1,27
BRDA:57,6,0,1
BRDA:57,6,1,26
BRDA:73,7,0,3
BRDA:73,7,1,14
BRF:18
BRH:16
end_of_record
TN:
SF:routes\driverDashboard.js
FN:8,(anonymous_0)
FN:33,(anonymous_1)
FN:47,(anonymous_2)
FN:73,(anonymous_3)
FN:89,(anonymous_4)
FN:111,(anonymous_5)
FN:120,(anonymous_6)
FN:134,(anonymous_7)
FN:180,(anonymous_8)
FN:194,(anonymous_9)
FN:202,(anonymous_10)
FNF:11
FNH:10
FNDA:3,(anonymous_0)
FNDA:2,(anonymous_1)
FNDA:3,(anonymous_2)
FNDA:1,(anonymous_3)
FNDA:1,(anonymous_4)
FNDA:1,(anonymous_5)
FNDA:0,(anonymous_6)
FNDA:2,(anonymous_7)
FNDA:2,(anonymous_8)
FNDA:2,(anonymous_9)
FNDA:4,(anonymous_10)
DA:5,40
DA:8,40
DA:9,3
DA:10,3
DA:11,3
DA:12,1
DA:15,2
DA:16,2
DA:17,0
DA:20,2
DA:26,2
DA:28,0
DA:29,0
DA:33,40
DA:34,2
DA:35,2
DA:36,2
DA:38,1
DA:39,1
DA:41,1
DA:43,0
DA:47,40
DA:48,3
DA:49,3
DA:50,3
DA:51,1
DA:55,2
DA:56,2
DA:57,0
DA:61,2
DA:62,0
DA:66,2
DA:73,2
DA:80,2
DA:81,2
DA:83,0
DA:84,0
DA:89,40
DA:90,1
DA:91,1
DA:92,1
DA:98,1
DA:99,0
DA:102,1
DA:104,0
DA:105,0
DA:111,40
DA:112,1
DA:113,1
DA:114,1
DA:120,1
DA:126,1
DA:128,0
DA:134,40
DA:135,2
DA:136,2
DA:137,2
DA:138,2
DA:141,0
DA:142,0
DA:143,0
DA:147,0
DA:148,0
DA:152,0
DA:153,0
DA:154,0
DA:157,0
DA:158,0
DA:159,0
DA:161,0
DA:164,0
DA:169,0
DA:170,0
DA:172,0
DA:173,0
DA:180,40
DA:181,2
DA:182,2
DA:183,2
DA:184,2
DA:185,2
DA:186,2
DA:188,2
DA:194,2
DA:195,2
DA:197,0
DA:202,40
DA:203,4
DA:204,1
DA:207,3
LF:90
LH:60
BRDA:11,0,0,1
BRDA:11,0,1,2
BRDA:16,1,0,0
BRDA:16,1,1,2
BRDA:36,2,0,1
BRDA:36,2,1,1
BRDA:39,3,0,0
BRDA:39,3,1,1
BRDA:50,4,0,1
BRDA:50,4,1,2
BRDA:56,5,0,0
BRDA:56,5,1,2
BRDA:61,6,0,0
BRDA:61,6,1,2
BRDA:75,7,0,1
BRDA:75,7,1,1
BRDA:76,8,0,1
BRDA:76,8,1,0
BRDA:77,9,0,1
BRDA:77,9,1,0
BRDA:77,9,2,0
BRDA:98,10,0,0
BRDA:98,10,1,1
BRDA:122,11,0,0
BRDA:122,11,1,0
BRDA:123,12,0,0
BRDA:123,12,1,0
BRDA:124,13,0,0
BRDA:124,13,1,0
BRDA:124,13,2,0
BRDA:137,14,0,2
BRDA:137,14,1,0
BRDA:142,15,0,0
BRDA:142,15,1,0
BRDA:147,16,0,0
BRDA:147,16,1,0
BRDA:153,17,0,0
BRDA:153,17,1,0
BRDA:203,18,0,1
BRDA:203,18,1,3
BRF:40
BRH:18
end_of_record
TN:
SF:routes\driverRoutes.js
FN:10,(anonymous_0)
FN:32,(anonymous_1)
FN:61,(anonymous_2)
FN:67,(anonymous_3)
FN:68,(anonymous_4)
FN:75,(anonymous_5)
FNF:6
FNH:4
FNDA:4,(anonymous_0)
FNDA:7,(anonymous_1)
FNDA:0,(anonymous_2)
FNDA:1,(anonymous_3)
FNDA:1,(anonymous_4)
FNDA:0,(anonymous_5)
DA:7,40
DA:10,40
DA:11,4
DA:12,4
DA:14,4
DA:15,4
DA:17,4
DA:18,4
DA:19,4
DA:22,4
DA:25,0
DA:26,0
DA:32,40
DA:33,7
DA:34,7
DA:36,7
DA:37,7
DA:39,6
DA:40,6
DA:43,5
DA:44,5
DA:47,5
DA:55,0
DA:56,0
DA:61,40
DA:62,0
DA:63,0
DA:67,40
DA:68,1
DA:69,1
DA:70,1
DA:75,40
DA:76,0
DA:77,0
DA:80,0
DA:98,0
DA:99,0
LF:37
LH:26
BRDA:37,0,0,1
BRDA:37,0,1,6
BRDA:40,1,0,1
BRDA:40,1,1,5
BRDA:62,2,0,0
BRDA:62,2,1,0
BRDA:69,3,0,0
BRDA:69,3,1,1
BRDA:77,4,0,0
BRDA:77,4,1,0
BRF:10
BRH:5
end_of_record
TN:
SF:routes\menu.js
FN:7,(anonymous_0)
FN:18,(anonymous_1)
FNF:2
FNH:2
FNDA:6,(anonymous_0)
FNDA:2,(anonymous_1)
DA:4,40
DA:7,40
DA:8,6
DA:9,6
DA:10,6
DA:11,6
DA:12,6
DA:14,0
DA:18,40
DA:19,2
DA:20,2
DA:21,2
DA:22,0
DA:24,2
DA:25,2
DA:26,2
DA:31,0
DA:32,0
LF:18
LH:14
BRDA:10,0,0,0
BRDA:10,0,1,6
BRDA:21,1,0,0
BRDA:21,1,1,2
BRDA:21,2,0,2
BRDA:21,2,1,2
BRDA:21,2,2,2
BRF:7
BRH:5
end_of_record
TN:
SF:routes\orders.js
FN:20,(anonymous_0)
FN:45,(anonymous_1)
FN:68,(anonymous_2)
FN:80,(anonymous_3)
FN:106,(anonymous_4)
FN:111,(anonymous_5)
FN:114,(anonymous_6)
FN:122,(anonymous_7)
FN:124,(anonymous_8)
FN:129,(anonymous_9)
FN:153,(anonymous_10)
FN:179,(anonymous_11)
FN:226,(anonymous_12)
FN:242,(anonymous_13)
FN:262,(anonymous_14)
FN:310,(anonymous_15)
FNF:16
FNH:12
FNDA:1,(anonymous_0)
FNDA:1,(anonymous_1)
FNDA:8,(anonymous_2)
FNDA:0,(anonymous_3)
FNDA:8,(anonymous_4)
FNDA:8,(anonymous_5)
FNDA:1,(anonymous_6)
FNDA:7,(anonymous_7)
FNDA:7,(anonymous_8)
FNDA:7,(anonymous_9)
FNDA:5,(anonymous_10)
FNDA:0,(anonymous_11)
FNDA:1,(anonymous_12)
FNDA:2,(anonymous_13)
FNDA:0,(anonymous_14)
FNDA:0,(anonymous_15)
DA:13,40
DA:20,40
DA:21,1
DA:22,1
DA:23,1
DA:24,0
DA:27,1
DA:33,1
DA:34,1
DA:35,0
DA:36,0
DA:37,0
DA:39,0
DA:40,0
DA:45,1
DA:57,1
DA:59,0
DA:68,40
DA:69,8
DA:70,8
DA:71,8
DA:72,0
DA:76,8
DA:77,8
DA:78,0
DA:81,0
DA:82,0
DA:84,0
DA:89,0
DA:90,0
DA:94,8
DA:98,8
DA:99,8
DA:100,1
DA:106,8
DA:107,7
DA:110,7
DA:111,8
DA:113,7
DA:114,1
DA:115,1
DA:121,6
DA:122,7
DA:124,7
DA:127,6
DA:130,7
DA:131,7
DA:136,6
DA:137,0
DA:139,6
DA:140,1
DA:145,5
DA:146,5
DA:147,5
DA:148,0
DA:152,5
DA:153,5
DA:154,5
DA:155,5
DA:156,5
DA:157,5
DA:159,5
DA:167,5
DA:170,5
DA:171,5
DA:172,5
DA:173,5
DA:178,5
DA:179,0
DA:180,0
DA:181,0
DA:182,0
DA:183,0
DA:184,0
DA:187,0
DA:190,5
DA:193,5
DA:209,5
DA:210,0
DA:212,5
DA:215,5
DA:217,0
DA:218,0
DA:226,40
DA:227,1
DA:228,1
DA:229,1
DA:231,1
DA:232,1
DA:234,0
DA:242,40
DA:243,2
DA:244,2
DA:245,2
DA:247,2
DA:248,2
DA:249,2
DA:250,1
DA:253,1
DA:255,0
DA:262,40
DA:263,0
DA:264,0
DA:266,0
DA:300,0
DA:301,0
DA:304,0
DA:306,0
DA:310,40
DA:311,0
LF:110
LH:74
BRDA:23,0,0,0
BRDA:23,0,1,1
BRDA:34,1,0,0
BRDA:34,1,1,1
BRDA:34,2,0,1
BRDA:34,2,1,0
BRDA:35,3,0,0
BRDA:35,3,1,0
BRDA:37,4,0,0
BRDA:37,4,1,0
BRDA:40,5,0,0
BRDA:40,5,1,0
BRDA:47,6,0,1
BRDA:47,6,1,0
BRDA:48,7,0,1
BRDA:48,7,1,0
BRDA:49,8,0,1
BRDA:49,8,1,0
BRDA:50,9,0,1
BRDA:50,9,1,1
BRDA:51,10,0,1
BRDA:51,10,1,0
BRDA:52,11,0,1
BRDA:52,11,1,0
BRDA:53,12,0,1
BRDA:53,12,1,0
BRDA:54,13,0,1
BRDA:54,13,1,0
BRDA:71,14,0,0
BRDA:71,14,1,8
BRDA:76,15,0,0
BRDA:76,15,1,8
BRDA:77,16,0,0
BRDA:77,16,1,8
BRDA:77,17,0,8
BRDA:77,17,1,0
BRDA:89,18,0,0
BRDA:89,18,1,0
BRDA:94,19,0,0
BRDA:94,19,1,8
BRDA:99,20,0,1
BRDA:99,20,1,7
BRDA:101,21,0,0
BRDA:101,21,1,1
BRDA:111,22,0,8
BRDA:111,22,1,7
BRDA:113,23,0,1
BRDA:113,23,1,6
BRDA:114,24,0,1
BRDA:114,24,1,0
BRDA:122,25,0,7
BRDA:122,25,1,7
BRDA:131,26,0,7
BRDA:131,26,1,0
BRDA:136,27,0,0
BRDA:136,27,1,6
BRDA:139,28,0,1
BRDA:139,28,1,5
BRDA:147,29,0,0
BRDA:147,29,1,5
BRDA:155,30,0,5
BRDA:155,30,1,0
BRDA:156,31,0,5
BRDA:156,31,1,0
BRDA:161,32,0,5
BRDA:161,32,1,0
BRDA:167,33,0,5
BRDA:167,33,1,0
BRDA:178,34,0,0
BRDA:178,34,1,5
BRDA:179,35,0,0
BRDA:179,35,1,0
BRDA:179,36,0,0
BRDA:179,36,1,0
BRDA:209,37,0,0
BRDA:209,37,1,5
BRDA:229,38,0,0
BRDA:229,38,1,1
BRDA:245,39,0,0
BRDA:245,39,1,2
BRDA:249,40,0,1
BRDA:249,40,1,1
BRDA:300,41,0,0
BRDA:300,41,1,0
BRDA:300,42,0,0
BRDA:300,42,1,0
BRF:86
BRH:42
end_of_record
TN:
SF:routes\payments.js
FN:13,(anonymous_0)
FN:36,(anonymous_1)
FN:85,(anonymous_2)
FNF:3
FNH:3
FNDA:5,(anonymous_0)
FNDA:4,(anonymous_1)
FNDA:4,(anonymous_2)
DA:7,40
DA:13,40
DA:14,5
DA:15,5
DA:16,5
DA:17,1
DA:21,4
DA:31,4
DA:32,1
DA:36,3
DA:37,4
DA:38,4
DA:41,4
DA:44,3
DA:46,3
DA:47,3
DA:48,3
DA:49,3
DA:50,2
DA:56,2
DA:57,1
DA:59,1
DA:65,3
DA:68,3
DA:69,3
DA:72,3
DA:77,3
DA:80,3
DA:82,3
DA:85,3
DA:86,4
DA:87,4
DA:88,4
DA:97,3
DA:115,2
DA:118,2
DA:119,1
DA:125,2
DA:134,1
DA:135,1
LF:40
LH:40
BRDA:16,0,0,1
BRDA:16,0,1,4
BRDA:31,1,0,1
BRDA:31,1,1,3
BRDA:38,2,0,0
BRDA:38,2,1,4
BRDA:39,3,0,0
BRDA:39,3,1,0
BRDA:40,4,0,4
BRDA:40,4,1,0
BRDA:48,5,0,3
BRDA:48,5,1,0
BRDA:49,6,0,2
BRDA:49,6,1,1
BRDA:56,7,0,1
BRDA:56,7,1,1
BRDA:60,8,0,1
BRDA:60,8,1,0
BRDA:72,9,0,0
BRDA:72,9,1,3
BRDA:77,10,0,3
BRDA:77,10,1,0
BRDA:78,11,0,0
BRDA:78,11,1,0
BRDA:80,12,0,0
BRDA:80,12,1,3
BRDA:82,13,0,3
BRDA:82,13,1,0
BRDA:82,14,0,0
BRDA:82,14,1,0
BRDA:87,15,0,0
BRDA:87,15,1,4
BRDA:90,16,0,4
BRDA:90,16,1,0
BRDA:91,17,0,4
BRDA:91,17,1,0
BRDA:118,18,0,1
BRDA:118,18,1,1
BRDA:129,19,0,1
BRDA:129,19,1,1
BRDA:135,20,0,1
BRDA:135,20,1,0
BRF:42
BRH:24
end_of_record
TN:
SF:routes\recommendations.js
FN:19,(anonymous_0)
FN:47,(anonymous_1)
FN:72,(anonymous_2)
FN:73,(anonymous_3)
FNF:4
FNH:3
FNDA:3,(anonymous_0)
FNDA:2,(anonymous_1)
FNDA:0,(anonymous_2)
FNDA:2,(anonymous_3)
DA:6,40
DA:19,40
DA:20,3
DA:21,3
DA:22,3
DA:24,3
DA:25,0
DA:27,3
DA:28,0
DA:31,3
DA:36,3
DA:42,3
DA:43,1
DA:47,2
DA:50,2
DA:56,2
DA:57,0
DA:63,2
DA:65,2
DA:66,2
DA:67,2
DA:71,2
DA:72,0
DA:73,2
DA:75,2
DA:76,0
DA:82,2
DA:90,2
DA:91,2
DA:93,2
DA:94,2
DA:95,8
DA:96,8
DA:99,8
DA:102,4
DA:105,2
DA:107,2
DA:108,2
DA:110,2
DA:112,2
DA:118,2
DA:121,0
DA:122,0
LF:43
LH:36
BRDA:24,0,0,0
BRDA:24,0,1,3
BRDA:27,1,0,0
BRDA:27,1,1,3
BRDA:31,2,0,3
BRDA:31,2,1,3
BRDA:42,3,0,1
BRDA:42,3,1,2
BRDA:56,4,0,0
BRDA:56,4,1,2
BRDA:66,5,0,2
BRDA:66,5,1,0
BRDA:67,6,0,2
BRDA:67,6,1,2
BRDA:75,7,0,0
BRDA:75,7,1,2
BRDA:95,8,0,8
BRDA:95,8,1,0
BRDA:99,9,0,4
BRDA:99,9,1,4
BRDA:102,10,0,2
BRDA:102,10,1,2
BRDA:105,11,0,0
BRDA:105,11,1,2
BRDA:110,12,0,0
BRDA:110,12,1,2
BRDA:112,13,0,0
BRDA:112,13,1,2
BRF:28
BRH:19
end_of_record
TN:
SF:routes\restaurantAuth.js
FN:7,(anonymous_0)
FN:9,(anonymous_1)
FN:31,(anonymous_2)
FN:50,(anonymous_3)
FN:63,(anonymous_4)
FN:82,(anonymous_5)
FN:92,(anonymous_6)
FN:93,(anonymous_7)
FNF:8
FNH:8
FNDA:49,(anonymous_0)
FNDA:26,(anonymous_1)
FNDA:25,(anonymous_2)
FNDA:23,(anonymous_3)
FNDA:22,(anonymous_4)
FNDA:23,(anonymous_5)
FNDA:5,(anonymous_6)
FNDA:5,(anonymous_7)
DA:6,40
DA:7,49
DA:9,40
DA:10,26
DA:11,26
DA:12,26
DA:13,0
DA:14,26
DA:15,26
DA:16,26
DA:18,25
DA:28,25
DA:29,25
DA:31,25
DA:32,25
DA:33,25
DA:34,25
DA:35,25
DA:37,25
DA:45,0
DA:46,0
DA:50,40
DA:51,23
DA:52,23
DA:53,23
DA:54,23
DA:55,0
DA:57,23
DA:58,23
DA:60,23
DA:61,23
DA:63,22
DA:64,22
DA:65,22
DA:66,22
DA:67,22
DA:69,22
DA:77,0
DA:78,0
DA:82,40
DA:83,23
DA:84,0
DA:85,23
DA:92,40
DA:93,5
DA:94,5
LF:46
LH:39
BRDA:7,0,0,49
BRDA:7,0,1,0
BRDA:11,1,0,26
BRDA:11,1,1,0
BRDA:12,2,0,0
BRDA:12,2,1,26
BRDA:12,3,0,26
BRDA:12,3,1,26
BRDA:12,3,2,26
BRDA:12,3,3,26
BRDA:12,3,4,26
BRDA:16,4,0,1
BRDA:16,4,1,25
BRDA:32,5,0,0
BRDA:32,5,1,25
BRDA:53,6,0,23
BRDA:53,6,1,0
BRDA:54,7,0,0
BRDA:54,7,1,23
BRDA:54,8,0,23
BRDA:54,8,1,23
BRDA:58,9,0,0
BRDA:58,9,1,23
BRDA:61,10,0,1
BRDA:61,10,1,22
BRDA:64,11,0,0
BRDA:64,11,1,22
BRDA:83,12,0,0
BRDA:83,12,1,23
BRF:29
BRH:20
end_of_record
TN:
SF:routes\restaurantDashboard.js
FN:16,requireRestaurant
FN:28,(anonymous_1)
FN:34,(anonymous_2)
FN:44,(anonymous_3)
FN:54,(anonymous_4)
FN:56,(anonymous_5)
FN:69,(anonymous_6)
FN:93,(anonymous_7)
FN:109,(anonymous_8)
FN:127,(anonymous_9)
FN:148,(anonymous_10)
FN:169,(anonymous_11)
FN:184,(anonymous_12)
FN:214,(anonymous_13)
FN:242,(anonymous_14)
FNF:15
FNH:7
FNDA:21,requireRestaurant
FNDA:0,(anonymous_1)
FNDA:0,(anonymous_2)
FNDA:0,(anonymous_3)
FNDA:0,(anonymous_4)
FNDA:0,(anonymous_5)
FNDA:0,(anonymous_6)
FNDA:3,(anonymous_7)
FNDA:1,(anonymous_8)
FNDA:7,(anonymous_9)
FNDA:0,(anonymous_10)
FNDA:0,(anonymous_11)
FNDA:4,(anonymous_12)
FNDA:5,(anonymous_13)
FNDA:4,(anonymous_14)
DA:10,40
DA:11,40
DA:13,40
DA:17,21
DA:18,2
DA:20,19
DA:24,40
DA:27,40
DA:29,0
DA:30,0
DA:31,0
DA:32,0
DA:35,0
DA:36,0
DA:37,0
DA:41,40
DA:46,0
DA:47,0
DA:49,0
DA:54,40
DA:55,0
DA:56,0
DA:58,0
DA:59,0
DA:61,0
DA:63,0
DA:64,0
DA:69,40
DA:70,0
DA:71,0
DA:72,0
DA:74,0
DA:75,0
DA:81,0
DA:82,0
DA:84,0
DA:86,0
DA:87,0
DA:93,40
DA:94,3
DA:95,3
DA:97,3
DA:98,3
DA:101,3
DA:105,3
DA:109,1
DA:112,3
DA:120,0
DA:121,0
DA:127,40
DA:128,7
DA:129,7
DA:130,7
DA:132,7
DA:141,6
DA:143,1
DA:148,40
DA:149,0
DA:150,0
DA:151,0
DA:152,0
DA:155,0
DA:160,0
DA:162,0
DA:164,0
DA:169,40
DA:170,0
DA:171,0
DA:176,0
DA:177,0
DA:179,0
DA:184,40
DA:185,4
DA:186,4
DA:190,4
DA:191,2
DA:193,0
DA:214,40
DA:215,5
DA:216,5
DA:217,5
DA:219,5
DA:220,0
DA:224,5
DA:225,5
DA:226,1
DA:229,4
DA:230,4
DA:231,0
DA:234,4
DA:236,0
DA:242,40
DA:243,4
DA:244,4
DA:245,4
DA:246,0
DA:249,4
DA:250,4
DA:252,0
LF:99
LH:51
BRDA:17,0,0,2
BRDA:17,0,1,19
BRDA:29,1,0,0
BRDA:29,1,1,0
BRDA:36,2,0,0
BRDA:36,2,1,0
BRDA:46,3,0,0
BRDA:46,3,1,0
BRDA:72,4,0,0
BRDA:72,4,1,0
BRDA:81,5,0,0
BRDA:81,5,1,0
BRDA:114,6,0,3
BRDA:114,6,1,0
BRDA:115,7,0,3
BRDA:115,7,1,3
BRDA:138,8,0,4
BRDA:138,8,1,3
BRDA:151,9,0,0
BRDA:151,9,1,0
BRDA:160,10,0,0
BRDA:160,10,1,0
BRDA:176,11,0,0
BRDA:176,11,1,0
BRDA:190,12,0,2
BRDA:190,12,1,2
BRDA:219,13,0,0
BRDA:219,13,1,5
BRDA:225,14,0,1
BRDA:225,14,1,4
BRDA:230,15,0,0
BRDA:230,15,1,4
BRDA:245,16,0,0
BRDA:245,16,1,4
BRF:34
BRH:14
end_of_record
TN:
SF:routes\restaurants.js
FN:7,(anonymous_0)
FN:19,(anonymous_1)
FNF:2
FNH:1
FNDA:2,(anonymous_0)
FNDA:0,(anonymous_1)
DA:4,40
DA:7,40
DA:8,2
DA:9,2
DA:10,2
DA:11,2
DA:12,2
DA:14,0
DA:19,40
DA:20,0
DA:21,0
DA:22,0
DA:23,0
DA:25,0
LF:14
LH:8
BRDA:10,0,0,1
BRDA:10,0,1,1
BRDA:22,1,0,0
BRDA:22,1,1,0
BRF:4
BRH:2
end_of_record
TN:
SF:routes\supermarket-dashboard.js
FN:16,requireSupermarket
FN:28,(anonymous_1)
FN:34,(anonymous_2)
FN:44,(anonymous_3)
FN:59,(anonymous_4)
FN:61,(anonymous_5)
FN:77,(anonymous_6)
FN:106,(anonymous_7)
FN:123,(anonymous_8)
FN:142,(anonymous_9)
FN:164,(anonymous_10)
FN:188,(anonymous_11)
FN:204,(anonymous_12)
FN:221,(anonymous_13)
FN:257,(anonymous_14)
FNF:15
FNH:9
FNDA:18,requireSupermarket
FNDA:0,(anonymous_1)
FNDA:0,(anonymous_2)
FNDA:0,(anonymous_3)
FNDA:0,(anonymous_4)
FNDA:0,(anonymous_5)
FNDA:3,(anonymous_6)
FNDA:1,(anonymous_7)
FNDA:0,(anonymous_8)
FNDA:5,(anonymous_9)
FNDA:2,(anonymous_10)
FNDA:1,(anonymous_11)
FNDA:1,(anonymous_12)
FNDA:4,(anonymous_13)
FNDA:1,(anonymous_14)
DA:10,40
DA:11,40
DA:13,40
DA:17,18
DA:18,1
DA:20,17
DA:24,40
DA:27,40
DA:29,0
DA:30,0
DA:31,0
DA:32,0
DA:35,0
DA:36,0
DA:37,0
DA:41,40
DA:45,0
DA:46,0
DA:48,0
DA:55,40
DA:60,0
DA:61,0
DA:62,0
DA:66,0
DA:68,0
DA:70,0
DA:71,0
DA:77,40
DA:78,3
DA:79,3
DA:80,3
DA:82,2
DA:83,2
DA:89,2
DA:90,1
DA:92,1
DA:98,0
DA:99,0
DA:106,40
DA:107,1
DA:108,1
DA:110,1
DA:111,1
DA:113,1
DA:119,1
DA:123,0
DA:126,1
DA:134,0
DA:135,0
DA:142,40
DA:143,5
DA:144,5
DA:145,5
DA:147,5
DA:156,5
DA:158,0
DA:159,0
DA:164,40
DA:165,2
DA:166,2
DA:167,2
DA:168,1
DA:173,1
DA:178,1
DA:180,1
DA:182,0
DA:183,0
DA:188,40
DA:189,1
DA:190,1
DA:195,1
DA:196,1
DA:198,0
DA:199,0
DA:204,40
DA:205,1
DA:206,1
DA:210,1
DA:211,1
DA:213,0
DA:214,0
DA:221,40
DA:222,4
DA:223,4
DA:224,4
DA:226,4
DA:227,1
DA:230,3
DA:235,3
DA:236,1
DA:239,2
DA:245,2
DA:246,1
DA:249,1
DA:251,0
DA:252,0
DA:257,40
DA:258,1
DA:259,1
DA:260,1
DA:261,0
DA:264,1
DA:265,1
DA:267,0
DA:268,0
LF:105
LH:70
BRDA:17,0,0,1
BRDA:17,0,1,17
BRDA:29,1,0,0
BRDA:29,1,1,0
BRDA:36,2,0,0
BRDA:36,2,1,0
BRDA:45,3,0,0
BRDA:45,3,1,0
BRDA:80,4,0,1
BRDA:80,4,1,2
BRDA:89,5,0,1
BRDA:89,5,1,1
BRDA:128,6,0,1
BRDA:128,6,1,0
BRDA:129,7,0,1
BRDA:129,7,1,1
BRDA:153,8,0,5
BRDA:153,8,1,0
BRDA:167,9,0,1
BRDA:167,9,1,1
BRDA:178,10,0,0
BRDA:178,10,1,1
BRDA:195,11,0,0
BRDA:195,11,1,1
BRDA:210,12,0,0
BRDA:210,12,1,1
BRDA:226,13,0,1
BRDA:226,13,1,3
BRDA:235,14,0,1
BRDA:235,14,1,2
BRDA:245,15,0,1
BRDA:245,15,1,1
BRDA:260,16,0,0
BRDA:260,16,1,1
BRF:34
BRH:22
end_of_record
TN:
SF:routes\supermarketMenu.js
FN:8,(anonymous_0)
FN:28,(anonymous_1)
FNF:2
FNH:2
FNDA:2,(anonymous_0)
FNDA:1,(anonymous_1)
DA:5,40
DA:8,40
DA:9,2
DA:10,2
DA:11,2
DA:12,1
DA:15,1
DA:16,1
DA:17,1
DA:19,1
DA:20,1
DA:22,0
DA:23,0
DA:28,40
DA:29,1
DA:39,1
DA:41,1
DA:42,0
DA:45,1
DA:56,1
DA:61,0
DA:62,0
LF:22
LH:17
BRDA:11,0,0,1
BRDA:11,0,1,1
BRDA:16,1,0,0
BRDA:16,1,1,1
BRDA:17,2,0,0
BRDA:17,2,1,1
BRDA:41,3,0,0
BRDA:41,3,1,1
BRDA:41,4,0,1
BRDA:41,4,1,1
BRDA:41,4,2,1
BRF:11
BRH:8
end_of_record
TN:
SF:routes\supermarkets.js
FN:8,(anonymous_0)
FN:26,(anonymous_1)
FN:40,(anonymous_2)
FNF:3
FNH:1
FNDA:2,(anonymous_0)
FNDA:0,(anonymous_1)
FNDA:0,(anonymous_2)
DA:5,40
DA:8,40
DA:9,2
DA:10,2
DA:11,2
DA:15,2
DA:18,2
DA:20,0
DA:21,0
DA:26,40
DA:27,0
DA:28,0
DA:29,0
DA:30,0
DA:32,0
DA:34,0
DA:35,0
DA:40,40
DA:41,0
DA:42,0
DA:43,0
DA:44,0
DA:47,0
DA:57,0
DA:59,0
DA:60,0
LF:26
LH:9
BRDA:11,0,0,1
BRDA:11,0,1,1
BRDA:29,1,0,0
BRDA:29,1,1,0
BRDA:43,2,0,0
BRDA:43,2,1,0
BRDA:43,3,0,0
BRDA:43,3,1,0
BRF:8
BRH:2
end_of_record
TN:
SF:tests\frontend\_utils.js
FN:7,loadHtml
FN:14,importPage
FN:19,importPageOptional
FN:28,mockFetchSequence
FN:35,(anonymous_4)
FN:41,mockLocationAssign
FN:49,(anonymous_6)
FN:53,(anonymous_7)
FN:53,(anonymous_8)
FN:54,flushTimers
FN:58,loadHtmlOr
FNF:11
FNH:8
FNDA:2,loadHtml
FNDA:1,importPage
FNDA:0,importPageOptional
FNDA:1,mockFetchSequence
FNDA:1,(anonymous_4)
FNDA:1,mockLocationAssign
FNDA:1,(anonymous_6)
FNDA:1,(anonymous_7)
FNDA:1,(anonymous_8)
FNDA:0,flushTimers
FNDA:0,loadHtmlOr
DA:8,2
DA:9,2
DA:10,2
DA:11,2
DA:15,1
DA:16,1
DA:20,0
DA:21,0
DA:22,0
DA:24,0
DA:29,1
DA:30,1
DA:31,2
DA:32,0
DA:34,2
DA:35,2
DA:38,1
DA:42,1
DA:43,1
DA:45,1
DA:46,1
DA:47,1
DA:49,1
DA:53,1
DA:55,0
DA:56,0
DA:59,0
DA:60,0
LF:28
LH:19
BRDA:31,0,0,0
BRDA:31,0,1,2
BRDA:34,1,0,0
BRDA:34,2,0,2
BRDA:34,3,0,2
BRDA:34,3,1,0
BRDA:34,4,0,0
BRF:7
BRH:3
end_of_record
TN:
SF:tests\helpers\testUtils.js
FN:9,setupTestDB
FN:25,getApp
FN:30,newAgent
FN:36,closeTestDB
FN:54,registerAndLoginCustomer
FN:79,createRestaurant
FN:90,registerAndLoginRestaurant
FNF:7
FNH:6
FNDA:34,setupTestDB
FNDA:0,getApp
FNDA:21,newAgent
FNDA:34,closeTestDB
FNDA:24,registerAndLoginCustomer
FNDA:9,createRestaurant
FNDA:18,registerAndLoginRestaurant
DA:6,34
DA:7,34
DA:10,34
DA:11,34
DA:14,34
DA:16,34
DA:18,34
DA:21,34
DA:23,34
DA:26,0
DA:27,0
DA:31,21
DA:32,21
DA:38,34
DA:40,34
DA:41,34
DA:44,34
DA:46,34
DA:47,34
DA:48,34
DA:51,34
DA:55,24
DA:56,24
DA:57,24
DA:59,24
DA:69,24
DA:74,24
DA:75,24
DA:80,9
DA:81,9
DA:91,18
DA:92,18
DA:94,18
DA:105,18
DA:110,18
DA:111,18
DA:113,18
LF:37
LH:35
BRDA:26,0,0,0
BRDA:26,0,1,0
BRDA:31,1,0,0
BRDA:31,1,1,21
BRDA:38,2,0,34
BRDA:38,2,1,0
BRDA:40,3,0,34
BRDA:40,3,1,0
BRDA:46,4,0,34
BRDA:46,4,1,0
BRDA:54,5,0,17
BRDA:55,6,0,24
BRDA:55,6,1,17
BRDA:56,7,0,24
BRDA:56,7,1,18
BRDA:57,8,0,24
BRDA:57,8,1,21
BRDA:62,9,0,24
BRDA:62,9,1,21
BRDA:79,10,0,5
BRDA:82,11,0,9
BRDA:82,11,1,9
BRDA:83,12,0,9
BRDA:83,12,1,9
BRDA:84,13,0,9
BRDA:84,13,1,9
BRDA:85,14,0,9
BRDA:85,14,1,9
BRDA:90,15,0,14
BRDA:91,16,0,18
BRDA:91,16,1,18
BRDA:92,17,0,18
BRDA:92,17,1,18
BRDA:97,18,0,18
BRDA:97,18,1,14
BRDA:100,19,0,18
BRDA:100,19,1,15
BRDA:101,20,0,18
BRDA:101,20,1,18
BRDA:114,21,0,18
BRDA:114,21,1,14
BRF:41
BRH:35
end_of_record
